<html>
<head>
<title>TestNG:  Default test</title>
<link href="../testng.css" rel="stylesheet" type="text/css" />
<link href="../my-testng.css" rel="stylesheet" type="text/css" />

<style type="text/css">
.log { display: none;} 
.stack-trace { display: none;} 
</style>
<script type="text/javascript">
<!--
function flip(e) {
  current = e.style.display;
  if (current == 'block') {
    e.style.display = 'none';
    return 0;
  }
  else {
    e.style.display = 'block';
    return 1;
  }
}

function toggleBox(szDivId, elem, msg1, msg2)
{
  var res = -1;  if (document.getElementById) {
    res = flip(document.getElementById(szDivId));
  }
  else if (document.all) {
    // this is the way old msie versions work
    res = flip(document.all[szDivId]);
  }
  if(elem) {
    if(res == 0) elem.innerHTML = msg1; else elem.innerHTML = msg2;
  }

}

function toggleAllBoxes() {
  if (document.getElementsByTagName) {
    d = document.getElementsByTagName('div');
    for (i = 0; i < d.length; i++) {
      if (d[i].className == 'log') {
        flip(d[i]);
      }
    }
  }
}

// -->
</script>

</head>
<body>
<h2 align='center'>Default test</h2><table border='1' align="center">
<tr>
<td>Tests passed/Failed/Skipped:</td><td>53/12/0</td>
</tr><tr>
<td>Started on:</td><td>Mon Sep 19 15:44:08 WIB 2022</td>
</tr>
<tr><td>Total time:</td><td>339 seconds (339082 ms)</td>
</tr><tr>
<td>Included groups:</td><td></td>
</tr><tr>
<td>Excluded groups:</td><td></td>
</tr>
</table><p/>
<small><i>(Hover the method name to see the test class name)</i></small><p/>
<table width='100%' border='1' class='invocation-failed'>
<tr><td colspan='4' align='center'><b>FAILED TESTS</b></td></tr>
<tr><td><b>Test method</b></td>
<td width="30%"><b>Exception</b></td>
<td width="10%"><b>Time (seconds)</b></td>
<td><b>Instance</b></td>
</tr>
<tr>
<td title='com.juaracoding.telemarketing.step_definitions.TestRunner.runScenario()'><b>runScenario</b><br>Test class: com.juaracoding.telemarketing.step_definitions.TestRunner<br>Test method: Runs Cucumber Scenarios<br>Parameters: "User valid login", "Login Developer"</td>
<td><div><pre>org.openqa.selenium.NoSuchElementException: no such element: Unable to locate element: {&quot;method&quot;:&quot;xpath&quot;,&quot;selector&quot;:&quot;//*[@id=&quot;tl_login-1-51550_text&quot;]&quot;}
  (Session info: chrome=105.0.5195.127)
For documentation on this error, please visit: https://www.seleniumhq.org/exceptions/no_such_element.html
Build info: version: &apos;3.141.59&apos;, revision: &apos;e82be7d358&apos;, time: &apos;2018-11-14T08:17:03&apos;
System info: host: &apos;DESKTOP-IER1J9F&apos;, ip: &apos;192.168.100.8&apos;, os.name: &apos;Windows 11&apos;, os.arch: &apos;amd64&apos;, os.version: &apos;10.0&apos;, java.version: &apos;17.0.4&apos;
Driver info: org.openqa.selenium.chrome.ChromeDriver
Capabilities {acceptInsecureCerts: false, browserName: chrome, browserVersion: 105.0.5195.127, chrome: {chromedriverVersion: 104.0.5112.79 (3cf3e8c8a07d..., userDataDir: C:\Users\HP0738~1.DES\AppDa...}, goog:chromeOptions: {debuggerAddress: localhost:52163}, javascriptEnabled: true, networkConnectionEnabled: false, pageLoadStrategy: normal, platform: WINDOWS, platformName: WINDOWS, proxy: Proxy(), setWindowRect: true, strictFileInteractability: false, timeouts: {implicit: 0, pageLoad: 300000, script: 30000}, unhandledPromptBehavior: dismiss and notify, webauthn:extension:credBlob: true, webauthn:extension:largeBlob: true, webauthn:virtualAuthenticators: true}
Session ID: 6a9c8f776b76433f4b7e171e1bf48bd7
*** Element info: {Using=xpath, value=//*[@id=&quot;tl_login-1-51550_text&quot;]}
	at java.base/jdk.internal.reflect.NativeConstructorAccessorImpl.newInstance0(Native Method)
	at java.base/jdk.internal.reflect.NativeConstructorAccessorImpl.newInstance(NativeConstructorAccessorImpl.java:77)
	at java.base/jdk.internal.reflect.DelegatingConstructorAccessorImpl.newInstance(DelegatingConstructorAccessorImpl.java:45)
	at java.base/java.lang.reflect.Constructor.newInstanceWithCaller(Constructor.java:499)
	at java.base/java.lang.reflect.Constructor.newInstance(Constructor.java:480)
	at org.openqa.selenium.remote.http.W3CHttpResponseCodec.createException(W3CHttpResponseCodec.java:187)
	at org.openqa.selenium.remote.http.W3CHttpResponseCodec.decode(W3CHttpResponseCodec.java:122)
	at org.openqa.selenium.remote.http.W3CHttpResponseCodec.decode(W3CHttpResponseCodec.java:49)
	at org.openqa.selenium.remote.HttpCommandExecutor.execute(HttpCommandExecutor.java:158)
	at org.openqa.selenium.remote.service.DriverCommandExecutor.execute(DriverCommandExecutor.java:83)
	at org.openqa.selenium.remote.RemoteWebDriver.execute(RemoteWebDriver.java:552)
	at org.openqa.selenium.remote.RemoteWebDriver.findElement(RemoteWebDriver.java:323)
	at org.openqa.selenium.remote.RemoteWebDriver.findElementByXPath(RemoteWebDriver.java:428)
	at org.openqa.selenium.By$ByXPath.findElement(By.java:353)
	at org.openqa.selenium.remote.RemoteWebDriver.findElement(RemoteWebDriver.java:315)
	at org.openqa.selenium.support.pagefactory.DefaultElementLocator.findElement(DefaultElementLocator.java:69)
	at org.openqa.selenium.support.pagefactory.internal.LocatingElementHandler.invoke(LocatingElementHandler.java:38)
	at jdk.proxy2/jdk.proxy2.$Proxy27.sendKeys(Unknown Source)
	at com.juaracoding.telemarketing.pages.LoginDev.deleteLogin(LoginDev.java:66)
	at com.juaracoding.telemarketing.step_definitions.TestLogin.user_enter_username_and_password_valid_login(TestLogin.java:89)
	at ✽.User enter username and password valid login(file:///C:/Users/HP.DESKTOP-IER1J9F/eclipse-workspace/git-telemarketing/src/test/resources/features/01.LoginDev.feature:47)
</pre></div><a href='#' onClick='toggleBox("stack-trace31567969", this, "Click to show all stack frames", "Click to hide stack frames")'>Click to show all stack frames</a>
<div class='stack-trace' id='stack-trace31567969'><pre>org.openqa.selenium.NoSuchElementException: no such element: Unable to locate element: {&quot;method&quot;:&quot;xpath&quot;,&quot;selector&quot;:&quot;//*[@id=&quot;tl_login-1-51550_text&quot;]&quot;}
  (Session info: chrome=105.0.5195.127)
For documentation on this error, please visit: https://www.seleniumhq.org/exceptions/no_such_element.html
Build info: version: &apos;3.141.59&apos;, revision: &apos;e82be7d358&apos;, time: &apos;2018-11-14T08:17:03&apos;
System info: host: &apos;DESKTOP-IER1J9F&apos;, ip: &apos;192.168.100.8&apos;, os.name: &apos;Windows 11&apos;, os.arch: &apos;amd64&apos;, os.version: &apos;10.0&apos;, java.version: &apos;17.0.4&apos;
Driver info: org.openqa.selenium.chrome.ChromeDriver
Capabilities {acceptInsecureCerts: false, browserName: chrome, browserVersion: 105.0.5195.127, chrome: {chromedriverVersion: 104.0.5112.79 (3cf3e8c8a07d..., userDataDir: C:\Users\HP0738~1.DES\AppDa...}, goog:chromeOptions: {debuggerAddress: localhost:52163}, javascriptEnabled: true, networkConnectionEnabled: false, pageLoadStrategy: normal, platform: WINDOWS, platformName: WINDOWS, proxy: Proxy(), setWindowRect: true, strictFileInteractability: false, timeouts: {implicit: 0, pageLoad: 300000, script: 30000}, unhandledPromptBehavior: dismiss and notify, webauthn:extension:credBlob: true, webauthn:extension:largeBlob: true, webauthn:virtualAuthenticators: true}
Session ID: 6a9c8f776b76433f4b7e171e1bf48bd7
*** Element info: {Using=xpath, value=//*[@id=&quot;tl_login-1-51550_text&quot;]}
	at java.base/jdk.internal.reflect.NativeConstructorAccessorImpl.newInstance0(Native Method)
	at java.base/jdk.internal.reflect.NativeConstructorAccessorImpl.newInstance(NativeConstructorAccessorImpl.java:77)
	at java.base/jdk.internal.reflect.DelegatingConstructorAccessorImpl.newInstance(DelegatingConstructorAccessorImpl.java:45)
	at java.base/java.lang.reflect.Constructor.newInstanceWithCaller(Constructor.java:499)
	at java.base/java.lang.reflect.Constructor.newInstance(Constructor.java:480)
	at org.openqa.selenium.remote.http.W3CHttpResponseCodec.createException(W3CHttpResponseCodec.java:187)
	at org.openqa.selenium.remote.http.W3CHttpResponseCodec.decode(W3CHttpResponseCodec.java:122)
	at org.openqa.selenium.remote.http.W3CHttpResponseCodec.decode(W3CHttpResponseCodec.java:49)
	at org.openqa.selenium.remote.HttpCommandExecutor.execute(HttpCommandExecutor.java:158)
	at org.openqa.selenium.remote.service.DriverCommandExecutor.execute(DriverCommandExecutor.java:83)
	at org.openqa.selenium.remote.RemoteWebDriver.execute(RemoteWebDriver.java:552)
	at org.openqa.selenium.remote.RemoteWebDriver.findElement(RemoteWebDriver.java:323)
	at org.openqa.selenium.remote.RemoteWebDriver.findElementByXPath(RemoteWebDriver.java:428)
	at org.openqa.selenium.By$ByXPath.findElement(By.java:353)
	at org.openqa.selenium.remote.RemoteWebDriver.findElement(RemoteWebDriver.java:315)
	at org.openqa.selenium.support.pagefactory.DefaultElementLocator.findElement(DefaultElementLocator.java:69)
	at org.openqa.selenium.support.pagefactory.internal.LocatingElementHandler.invoke(LocatingElementHandler.java:38)
	at jdk.proxy2/jdk.proxy2.$Proxy27.sendKeys(Unknown Source)
	at com.juaracoding.telemarketing.pages.LoginDev.deleteLogin(LoginDev.java:66)
	at com.juaracoding.telemarketing.step_definitions.TestLogin.user_enter_username_and_password_valid_login(TestLogin.java:89)
	at ✽.User enter username and password valid login(file:///C:/Users/HP.DESKTOP-IER1J9F/eclipse-workspace/git-telemarketing/src/test/resources/features/01.LoginDev.feature:47)
</pre></div></td>
<td>10</td>
<td>com.juaracoding.telemarketing.step_definitions.TestRunner@384ad17b</td></tr>
<tr>
<td title='com.juaracoding.telemarketing.step_definitions.TestRunner.runScenario()'><b>runScenario</b><br>Test class: com.juaracoding.telemarketing.step_definitions.TestRunner<br>Test method: Runs Cucumber Scenarios<br>Parameters: "Input valid login ignore lettercase", "Login Developer"</td>
<td><div><pre>org.openqa.selenium.NoSuchElementException: no such element: Unable to locate element: {&quot;method&quot;:&quot;xpath&quot;,&quot;selector&quot;:&quot;//span[normalize-space()=&apos;DEVELOPER&apos;]&quot;}
  (Session info: chrome=105.0.5195.127)
For documentation on this error, please visit: https://www.seleniumhq.org/exceptions/no_such_element.html
Build info: version: &apos;3.141.59&apos;, revision: &apos;e82be7d358&apos;, time: &apos;2018-11-14T08:17:03&apos;
System info: host: &apos;DESKTOP-IER1J9F&apos;, ip: &apos;192.168.100.8&apos;, os.name: &apos;Windows 11&apos;, os.arch: &apos;amd64&apos;, os.version: &apos;10.0&apos;, java.version: &apos;17.0.4&apos;
Driver info: org.openqa.selenium.chrome.ChromeDriver
Capabilities {acceptInsecureCerts: false, browserName: chrome, browserVersion: 105.0.5195.127, chrome: {chromedriverVersion: 104.0.5112.79 (3cf3e8c8a07d..., userDataDir: C:\Users\HP0738~1.DES\AppDa...}, goog:chromeOptions: {debuggerAddress: localhost:52163}, javascriptEnabled: true, networkConnectionEnabled: false, pageLoadStrategy: normal, platform: WINDOWS, platformName: WINDOWS, proxy: Proxy(), setWindowRect: true, strictFileInteractability: false, timeouts: {implicit: 0, pageLoad: 300000, script: 30000}, unhandledPromptBehavior: dismiss and notify, webauthn:extension:credBlob: true, webauthn:extension:largeBlob: true, webauthn:virtualAuthenticators: true}
Session ID: 6a9c8f776b76433f4b7e171e1bf48bd7
*** Element info: {Using=xpath, value=//span[normalize-space()=&apos;DEVELOPER&apos;]}
	at java.base/jdk.internal.reflect.NativeConstructorAccessorImpl.newInstance0(Native Method)
	at java.base/jdk.internal.reflect.NativeConstructorAccessorImpl.newInstance(NativeConstructorAccessorImpl.java:77)
	at java.base/jdk.internal.reflect.DelegatingConstructorAccessorImpl.newInstance(DelegatingConstructorAccessorImpl.java:45)
	at java.base/java.lang.reflect.Constructor.newInstanceWithCaller(Constructor.java:499)
	at java.base/java.lang.reflect.Constructor.newInstance(Constructor.java:480)
	at org.openqa.selenium.remote.http.W3CHttpResponseCodec.createException(W3CHttpResponseCodec.java:187)
	at org.openqa.selenium.remote.http.W3CHttpResponseCodec.decode(W3CHttpResponseCodec.java:122)
	at org.openqa.selenium.remote.http.W3CHttpResponseCodec.decode(W3CHttpResponseCodec.java:49)
	at org.openqa.selenium.remote.HttpCommandExecutor.execute(HttpCommandExecutor.java:158)
	at org.openqa.selenium.remote.service.DriverCommandExecutor.execute(DriverCommandExecutor.java:83)
	at org.openqa.selenium.remote.RemoteWebDriver.execute(RemoteWebDriver.java:552)
	at org.openqa.selenium.remote.RemoteWebDriver.findElement(RemoteWebDriver.java:323)
	at org.openqa.selenium.remote.RemoteWebDriver.findElementByXPath(RemoteWebDriver.java:428)
	at org.openqa.selenium.By$ByXPath.findElement(By.java:353)
	at org.openqa.selenium.remote.RemoteWebDriver.findElement(RemoteWebDriver.java:315)
	at org.openqa.selenium.support.pagefactory.DefaultElementLocator.findElement(DefaultElementLocator.java:69)
	at org.openqa.selenium.support.pagefactory.internal.LocatingElementHandler.invoke(LocatingElementHandler.java:38)
	at jdk.proxy2/jdk.proxy2.$Proxy27.click(Unknown Source)
	at com.juaracoding.telemarketing.pages.LoginDev.logout(LoginDev.java:79)
	at com.juaracoding.telemarketing.step_definitions.TestLogin.click_profile(TestLogin.java:119)
	at ✽.click profile(file:///C:/Users/HP.DESKTOP-IER1J9F/eclipse-workspace/git-telemarketing/src/test/resources/features/01.LoginDev.feature:29)
</pre></div><a href='#' onClick='toggleBox("stack-trace976042249", this, "Click to show all stack frames", "Click to hide stack frames")'>Click to show all stack frames</a>
<div class='stack-trace' id='stack-trace976042249'><pre>org.openqa.selenium.NoSuchElementException: no such element: Unable to locate element: {&quot;method&quot;:&quot;xpath&quot;,&quot;selector&quot;:&quot;//span[normalize-space()=&apos;DEVELOPER&apos;]&quot;}
  (Session info: chrome=105.0.5195.127)
For documentation on this error, please visit: https://www.seleniumhq.org/exceptions/no_such_element.html
Build info: version: &apos;3.141.59&apos;, revision: &apos;e82be7d358&apos;, time: &apos;2018-11-14T08:17:03&apos;
System info: host: &apos;DESKTOP-IER1J9F&apos;, ip: &apos;192.168.100.8&apos;, os.name: &apos;Windows 11&apos;, os.arch: &apos;amd64&apos;, os.version: &apos;10.0&apos;, java.version: &apos;17.0.4&apos;
Driver info: org.openqa.selenium.chrome.ChromeDriver
Capabilities {acceptInsecureCerts: false, browserName: chrome, browserVersion: 105.0.5195.127, chrome: {chromedriverVersion: 104.0.5112.79 (3cf3e8c8a07d..., userDataDir: C:\Users\HP0738~1.DES\AppDa...}, goog:chromeOptions: {debuggerAddress: localhost:52163}, javascriptEnabled: true, networkConnectionEnabled: false, pageLoadStrategy: normal, platform: WINDOWS, platformName: WINDOWS, proxy: Proxy(), setWindowRect: true, strictFileInteractability: false, timeouts: {implicit: 0, pageLoad: 300000, script: 30000}, unhandledPromptBehavior: dismiss and notify, webauthn:extension:credBlob: true, webauthn:extension:largeBlob: true, webauthn:virtualAuthenticators: true}
Session ID: 6a9c8f776b76433f4b7e171e1bf48bd7
*** Element info: {Using=xpath, value=//span[normalize-space()=&apos;DEVELOPER&apos;]}
	at java.base/jdk.internal.reflect.NativeConstructorAccessorImpl.newInstance0(Native Method)
	at java.base/jdk.internal.reflect.NativeConstructorAccessorImpl.newInstance(NativeConstructorAccessorImpl.java:77)
	at java.base/jdk.internal.reflect.DelegatingConstructorAccessorImpl.newInstance(DelegatingConstructorAccessorImpl.java:45)
	at java.base/java.lang.reflect.Constructor.newInstanceWithCaller(Constructor.java:499)
	at java.base/java.lang.reflect.Constructor.newInstance(Constructor.java:480)
	at org.openqa.selenium.remote.http.W3CHttpResponseCodec.createException(W3CHttpResponseCodec.java:187)
	at org.openqa.selenium.remote.http.W3CHttpResponseCodec.decode(W3CHttpResponseCodec.java:122)
	at org.openqa.selenium.remote.http.W3CHttpResponseCodec.decode(W3CHttpResponseCodec.java:49)
	at org.openqa.selenium.remote.HttpCommandExecutor.execute(HttpCommandExecutor.java:158)
	at org.openqa.selenium.remote.service.DriverCommandExecutor.execute(DriverCommandExecutor.java:83)
	at org.openqa.selenium.remote.RemoteWebDriver.execute(RemoteWebDriver.java:552)
	at org.openqa.selenium.remote.RemoteWebDriver.findElement(RemoteWebDriver.java:323)
	at org.openqa.selenium.remote.RemoteWebDriver.findElementByXPath(RemoteWebDriver.java:428)
	at org.openqa.selenium.By$ByXPath.findElement(By.java:353)
	at org.openqa.selenium.remote.RemoteWebDriver.findElement(RemoteWebDriver.java:315)
	at org.openqa.selenium.support.pagefactory.DefaultElementLocator.findElement(DefaultElementLocator.java:69)
	at org.openqa.selenium.support.pagefactory.internal.LocatingElementHandler.invoke(LocatingElementHandler.java:38)
	at jdk.proxy2/jdk.proxy2.$Proxy27.click(Unknown Source)
	at com.juaracoding.telemarketing.pages.LoginDev.logout(LoginDev.java:79)
	at com.juaracoding.telemarketing.step_definitions.TestLogin.click_profile(TestLogin.java:119)
	at ✽.click profile(file:///C:/Users/HP.DESKTOP-IER1J9F/eclipse-workspace/git-telemarketing/src/test/resources/features/01.LoginDev.feature:29)
</pre></div></td>
<td>15</td>
<td>com.juaracoding.telemarketing.step_definitions.TestRunner@384ad17b</td></tr>
<tr>
<td title='com.juaracoding.telemarketing.step_definitions.TestRunner.runScenario()'><b>runScenario</b><br>Test class: com.juaracoding.telemarketing.step_definitions.TestRunner<br>Test method: Runs Cucumber Scenarios<br>Parameters: "Choose data invalid", "Upload Data Developer"</td>
<td><div><pre>org.openqa.selenium.NoSuchElementException: no such element: Unable to locate element: {&quot;method&quot;:&quot;xpath&quot;,&quot;selector&quot;:&quot;//input[@type=&apos;file&apos;]&quot;}
  (Session info: chrome=105.0.5195.127)
For documentation on this error, please visit: https://www.seleniumhq.org/exceptions/no_such_element.html
Build info: version: &apos;3.141.59&apos;, revision: &apos;e82be7d358&apos;, time: &apos;2018-11-14T08:17:03&apos;
System info: host: &apos;DESKTOP-IER1J9F&apos;, ip: &apos;192.168.100.8&apos;, os.name: &apos;Windows 11&apos;, os.arch: &apos;amd64&apos;, os.version: &apos;10.0&apos;, java.version: &apos;17.0.4&apos;
Driver info: org.openqa.selenium.chrome.ChromeDriver
Capabilities {acceptInsecureCerts: false, browserName: chrome, browserVersion: 105.0.5195.127, chrome: {chromedriverVersion: 104.0.5112.79 (3cf3e8c8a07d..., userDataDir: C:\Users\HP0738~1.DES\AppDa...}, goog:chromeOptions: {debuggerAddress: localhost:52163}, javascriptEnabled: true, networkConnectionEnabled: false, pageLoadStrategy: normal, platform: WINDOWS, platformName: WINDOWS, proxy: Proxy(), setWindowRect: true, strictFileInteractability: false, timeouts: {implicit: 0, pageLoad: 300000, script: 30000}, unhandledPromptBehavior: dismiss and notify, webauthn:extension:credBlob: true, webauthn:extension:largeBlob: true, webauthn:virtualAuthenticators: true}
Session ID: 6a9c8f776b76433f4b7e171e1bf48bd7
*** Element info: {Using=xpath, value=//input[@type=&apos;file&apos;]}
	at java.base/jdk.internal.reflect.NativeConstructorAccessorImpl.newInstance0(Native Method)
	at java.base/jdk.internal.reflect.NativeConstructorAccessorImpl.newInstance(NativeConstructorAccessorImpl.java:77)
	at java.base/jdk.internal.reflect.DelegatingConstructorAccessorImpl.newInstance(DelegatingConstructorAccessorImpl.java:45)
	at java.base/java.lang.reflect.Constructor.newInstanceWithCaller(Constructor.java:499)
	at java.base/java.lang.reflect.Constructor.newInstance(Constructor.java:480)
	at org.openqa.selenium.remote.http.W3CHttpResponseCodec.createException(W3CHttpResponseCodec.java:187)
	at org.openqa.selenium.remote.http.W3CHttpResponseCodec.decode(W3CHttpResponseCodec.java:122)
	at org.openqa.selenium.remote.http.W3CHttpResponseCodec.decode(W3CHttpResponseCodec.java:49)
	at org.openqa.selenium.remote.HttpCommandExecutor.execute(HttpCommandExecutor.java:158)
	at org.openqa.selenium.remote.service.DriverCommandExecutor.execute(DriverCommandExecutor.java:83)
	at org.openqa.selenium.remote.RemoteWebDriver.execute(RemoteWebDriver.java:552)
	at org.openqa.selenium.remote.RemoteWebDriver.findElement(RemoteWebDriver.java:323)
	at org.openqa.selenium.remote.RemoteWebDriver.findElementByXPath(RemoteWebDriver.java:428)
	at org.openqa.selenium.By$ByXPath.findElement(By.java:353)
	at org.openqa.selenium.remote.RemoteWebDriver.findElement(RemoteWebDriver.java:315)
	at org.openqa.selenium.support.pagefactory.DefaultElementLocator.findElement(DefaultElementLocator.java:69)
	at org.openqa.selenium.support.pagefactory.internal.LocatingElementHandler.invoke(LocatingElementHandler.java:38)
	at jdk.proxy2/jdk.proxy2.$Proxy27.sendKeys(Unknown Source)
	at com.juaracoding.telemarketing.pages.UploadData.btnChooseFileInvalid(UploadData.java:54)
	at com.juaracoding.telemarketing.step_definitions.TestUploadData.user_click_choose_file_invalid(TestUploadData.java:42)
	at ✽.User click choose file invalid(file:///C:/Users/HP.DESKTOP-IER1J9F/eclipse-workspace/git-telemarketing/src/test/resources/features/02.%20UploadData.feature:8)
</pre></div><a href='#' onClick='toggleBox("stack-trace1874919946", this, "Click to show all stack frames", "Click to hide stack frames")'>Click to show all stack frames</a>
<div class='stack-trace' id='stack-trace1874919946'><pre>org.openqa.selenium.NoSuchElementException: no such element: Unable to locate element: {&quot;method&quot;:&quot;xpath&quot;,&quot;selector&quot;:&quot;//input[@type=&apos;file&apos;]&quot;}
  (Session info: chrome=105.0.5195.127)
For documentation on this error, please visit: https://www.seleniumhq.org/exceptions/no_such_element.html
Build info: version: &apos;3.141.59&apos;, revision: &apos;e82be7d358&apos;, time: &apos;2018-11-14T08:17:03&apos;
System info: host: &apos;DESKTOP-IER1J9F&apos;, ip: &apos;192.168.100.8&apos;, os.name: &apos;Windows 11&apos;, os.arch: &apos;amd64&apos;, os.version: &apos;10.0&apos;, java.version: &apos;17.0.4&apos;
Driver info: org.openqa.selenium.chrome.ChromeDriver
Capabilities {acceptInsecureCerts: false, browserName: chrome, browserVersion: 105.0.5195.127, chrome: {chromedriverVersion: 104.0.5112.79 (3cf3e8c8a07d..., userDataDir: C:\Users\HP0738~1.DES\AppDa...}, goog:chromeOptions: {debuggerAddress: localhost:52163}, javascriptEnabled: true, networkConnectionEnabled: false, pageLoadStrategy: normal, platform: WINDOWS, platformName: WINDOWS, proxy: Proxy(), setWindowRect: true, strictFileInteractability: false, timeouts: {implicit: 0, pageLoad: 300000, script: 30000}, unhandledPromptBehavior: dismiss and notify, webauthn:extension:credBlob: true, webauthn:extension:largeBlob: true, webauthn:virtualAuthenticators: true}
Session ID: 6a9c8f776b76433f4b7e171e1bf48bd7
*** Element info: {Using=xpath, value=//input[@type=&apos;file&apos;]}
	at java.base/jdk.internal.reflect.NativeConstructorAccessorImpl.newInstance0(Native Method)
	at java.base/jdk.internal.reflect.NativeConstructorAccessorImpl.newInstance(NativeConstructorAccessorImpl.java:77)
	at java.base/jdk.internal.reflect.DelegatingConstructorAccessorImpl.newInstance(DelegatingConstructorAccessorImpl.java:45)
	at java.base/java.lang.reflect.Constructor.newInstanceWithCaller(Constructor.java:499)
	at java.base/java.lang.reflect.Constructor.newInstance(Constructor.java:480)
	at org.openqa.selenium.remote.http.W3CHttpResponseCodec.createException(W3CHttpResponseCodec.java:187)
	at org.openqa.selenium.remote.http.W3CHttpResponseCodec.decode(W3CHttpResponseCodec.java:122)
	at org.openqa.selenium.remote.http.W3CHttpResponseCodec.decode(W3CHttpResponseCodec.java:49)
	at org.openqa.selenium.remote.HttpCommandExecutor.execute(HttpCommandExecutor.java:158)
	at org.openqa.selenium.remote.service.DriverCommandExecutor.execute(DriverCommandExecutor.java:83)
	at org.openqa.selenium.remote.RemoteWebDriver.execute(RemoteWebDriver.java:552)
	at org.openqa.selenium.remote.RemoteWebDriver.findElement(RemoteWebDriver.java:323)
	at org.openqa.selenium.remote.RemoteWebDriver.findElementByXPath(RemoteWebDriver.java:428)
	at org.openqa.selenium.By$ByXPath.findElement(By.java:353)
	at org.openqa.selenium.remote.RemoteWebDriver.findElement(RemoteWebDriver.java:315)
	at org.openqa.selenium.support.pagefactory.DefaultElementLocator.findElement(DefaultElementLocator.java:69)
	at org.openqa.selenium.support.pagefactory.internal.LocatingElementHandler.invoke(LocatingElementHandler.java:38)
	at jdk.proxy2/jdk.proxy2.$Proxy27.sendKeys(Unknown Source)
	at com.juaracoding.telemarketing.pages.UploadData.btnChooseFileInvalid(UploadData.java:54)
	at com.juaracoding.telemarketing.step_definitions.TestUploadData.user_click_choose_file_invalid(TestUploadData.java:42)
	at ✽.User click choose file invalid(file:///C:/Users/HP.DESKTOP-IER1J9F/eclipse-workspace/git-telemarketing/src/test/resources/features/02.%20UploadData.feature:8)
</pre></div></td>
<td>12</td>
<td>com.juaracoding.telemarketing.step_definitions.TestRunner@384ad17b</td></tr>
<tr>
<td title='com.juaracoding.telemarketing.step_definitions.TestRunner.runScenario()'><b>runScenario</b><br>Test class: com.juaracoding.telemarketing.step_definitions.TestRunner<br>Test method: Runs Cucumber Scenarios<br>Parameters: "Isi field link", "Task Agree Dev"</td>
<td><div><pre>org.openqa.selenium.NoSuchElementException: no such element: Unable to locate element: {&quot;method&quot;:&quot;xpath&quot;,&quot;selector&quot;:&quot;//*[@id=&quot;tl_agree--52774_table&quot;]/tbody/tr&quot;}
  (Session info: chrome=105.0.5195.127)
For documentation on this error, please visit: https://www.seleniumhq.org/exceptions/no_such_element.html
Build info: version: &apos;3.141.59&apos;, revision: &apos;e82be7d358&apos;, time: &apos;2018-11-14T08:17:03&apos;
System info: host: &apos;DESKTOP-IER1J9F&apos;, ip: &apos;192.168.100.8&apos;, os.name: &apos;Windows 11&apos;, os.arch: &apos;amd64&apos;, os.version: &apos;10.0&apos;, java.version: &apos;17.0.4&apos;
Driver info: org.openqa.selenium.chrome.ChromeDriver
Capabilities {acceptInsecureCerts: false, browserName: chrome, browserVersion: 105.0.5195.127, chrome: {chromedriverVersion: 104.0.5112.79 (3cf3e8c8a07d..., userDataDir: C:\Users\HP0738~1.DES\AppDa...}, goog:chromeOptions: {debuggerAddress: localhost:52163}, javascriptEnabled: true, networkConnectionEnabled: false, pageLoadStrategy: normal, platform: WINDOWS, platformName: WINDOWS, proxy: Proxy(), setWindowRect: true, strictFileInteractability: false, timeouts: {implicit: 0, pageLoad: 300000, script: 30000}, unhandledPromptBehavior: dismiss and notify, webauthn:extension:credBlob: true, webauthn:extension:largeBlob: true, webauthn:virtualAuthenticators: true}
Session ID: 6a9c8f776b76433f4b7e171e1bf48bd7
*** Element info: {Using=xpath, value=//*[@id=&quot;tl_agree--52774_table&quot;]/tbody/tr}
	at java.base/jdk.internal.reflect.NativeConstructorAccessorImpl.newInstance0(Native Method)
	at java.base/jdk.internal.reflect.NativeConstructorAccessorImpl.newInstance(NativeConstructorAccessorImpl.java:77)
	at java.base/jdk.internal.reflect.DelegatingConstructorAccessorImpl.newInstance(DelegatingConstructorAccessorImpl.java:45)
	at java.base/java.lang.reflect.Constructor.newInstanceWithCaller(Constructor.java:499)
	at java.base/java.lang.reflect.Constructor.newInstance(Constructor.java:480)
	at org.openqa.selenium.remote.http.W3CHttpResponseCodec.createException(W3CHttpResponseCodec.java:187)
	at org.openqa.selenium.remote.http.W3CHttpResponseCodec.decode(W3CHttpResponseCodec.java:122)
	at org.openqa.selenium.remote.http.W3CHttpResponseCodec.decode(W3CHttpResponseCodec.java:49)
	at org.openqa.selenium.remote.HttpCommandExecutor.execute(HttpCommandExecutor.java:158)
	at org.openqa.selenium.remote.service.DriverCommandExecutor.execute(DriverCommandExecutor.java:83)
	at org.openqa.selenium.remote.RemoteWebDriver.execute(RemoteWebDriver.java:552)
	at org.openqa.selenium.remote.RemoteWebDriver.findElement(RemoteWebDriver.java:323)
	at org.openqa.selenium.remote.RemoteWebDriver.findElementByXPath(RemoteWebDriver.java:428)
	at org.openqa.selenium.By$ByXPath.findElement(By.java:353)
	at org.openqa.selenium.remote.RemoteWebDriver.findElement(RemoteWebDriver.java:315)
	at org.openqa.selenium.support.pagefactory.DefaultElementLocator.findElement(DefaultElementLocator.java:69)
	at org.openqa.selenium.support.pagefactory.internal.LocatingElementHandler.invoke(LocatingElementHandler.java:38)
	at jdk.proxy2/jdk.proxy2.$Proxy27.click(Unknown Source)
	at com.juaracoding.telemarketing.pages.TaskAgree.btnChooseFile(TaskAgree.java:61)
	at com.juaracoding.telemarketing.step_definitions.TestTaskAgree.user_click_file(TestTaskAgree.java:56)
	at ✽.User click file(file:///C:/Users/HP.DESKTOP-IER1J9F/eclipse-workspace/git-telemarketing/src/test/resources/features/07.TaskAgreeDev.feature:12)
</pre></div><a href='#' onClick='toggleBox("stack-trace1383273534", this, "Click to show all stack frames", "Click to hide stack frames")'>Click to show all stack frames</a>
<div class='stack-trace' id='stack-trace1383273534'><pre>org.openqa.selenium.NoSuchElementException: no such element: Unable to locate element: {&quot;method&quot;:&quot;xpath&quot;,&quot;selector&quot;:&quot;//*[@id=&quot;tl_agree--52774_table&quot;]/tbody/tr&quot;}
  (Session info: chrome=105.0.5195.127)
For documentation on this error, please visit: https://www.seleniumhq.org/exceptions/no_such_element.html
Build info: version: &apos;3.141.59&apos;, revision: &apos;e82be7d358&apos;, time: &apos;2018-11-14T08:17:03&apos;
System info: host: &apos;DESKTOP-IER1J9F&apos;, ip: &apos;192.168.100.8&apos;, os.name: &apos;Windows 11&apos;, os.arch: &apos;amd64&apos;, os.version: &apos;10.0&apos;, java.version: &apos;17.0.4&apos;
Driver info: org.openqa.selenium.chrome.ChromeDriver
Capabilities {acceptInsecureCerts: false, browserName: chrome, browserVersion: 105.0.5195.127, chrome: {chromedriverVersion: 104.0.5112.79 (3cf3e8c8a07d..., userDataDir: C:\Users\HP0738~1.DES\AppDa...}, goog:chromeOptions: {debuggerAddress: localhost:52163}, javascriptEnabled: true, networkConnectionEnabled: false, pageLoadStrategy: normal, platform: WINDOWS, platformName: WINDOWS, proxy: Proxy(), setWindowRect: true, strictFileInteractability: false, timeouts: {implicit: 0, pageLoad: 300000, script: 30000}, unhandledPromptBehavior: dismiss and notify, webauthn:extension:credBlob: true, webauthn:extension:largeBlob: true, webauthn:virtualAuthenticators: true}
Session ID: 6a9c8f776b76433f4b7e171e1bf48bd7
*** Element info: {Using=xpath, value=//*[@id=&quot;tl_agree--52774_table&quot;]/tbody/tr}
	at java.base/jdk.internal.reflect.NativeConstructorAccessorImpl.newInstance0(Native Method)
	at java.base/jdk.internal.reflect.NativeConstructorAccessorImpl.newInstance(NativeConstructorAccessorImpl.java:77)
	at java.base/jdk.internal.reflect.DelegatingConstructorAccessorImpl.newInstance(DelegatingConstructorAccessorImpl.java:45)
	at java.base/java.lang.reflect.Constructor.newInstanceWithCaller(Constructor.java:499)
	at java.base/java.lang.reflect.Constructor.newInstance(Constructor.java:480)
	at org.openqa.selenium.remote.http.W3CHttpResponseCodec.createException(W3CHttpResponseCodec.java:187)
	at org.openqa.selenium.remote.http.W3CHttpResponseCodec.decode(W3CHttpResponseCodec.java:122)
	at org.openqa.selenium.remote.http.W3CHttpResponseCodec.decode(W3CHttpResponseCodec.java:49)
	at org.openqa.selenium.remote.HttpCommandExecutor.execute(HttpCommandExecutor.java:158)
	at org.openqa.selenium.remote.service.DriverCommandExecutor.execute(DriverCommandExecutor.java:83)
	at org.openqa.selenium.remote.RemoteWebDriver.execute(RemoteWebDriver.java:552)
	at org.openqa.selenium.remote.RemoteWebDriver.findElement(RemoteWebDriver.java:323)
	at org.openqa.selenium.remote.RemoteWebDriver.findElementByXPath(RemoteWebDriver.java:428)
	at org.openqa.selenium.By$ByXPath.findElement(By.java:353)
	at org.openqa.selenium.remote.RemoteWebDriver.findElement(RemoteWebDriver.java:315)
	at org.openqa.selenium.support.pagefactory.DefaultElementLocator.findElement(DefaultElementLocator.java:69)
	at org.openqa.selenium.support.pagefactory.internal.LocatingElementHandler.invoke(LocatingElementHandler.java:38)
	at jdk.proxy2/jdk.proxy2.$Proxy27.click(Unknown Source)
	at com.juaracoding.telemarketing.pages.TaskAgree.btnChooseFile(TaskAgree.java:61)
	at com.juaracoding.telemarketing.step_definitions.TestTaskAgree.user_click_file(TestTaskAgree.java:56)
	at ✽.User click file(file:///C:/Users/HP.DESKTOP-IER1J9F/eclipse-workspace/git-telemarketing/src/test/resources/features/07.TaskAgreeDev.feature:12)
</pre></div></td>
<td>12</td>
<td>com.juaracoding.telemarketing.step_definitions.TestRunner@384ad17b</td></tr>
<tr>
<td title='com.juaracoding.telemarketing.step_definitions.TestRunner.runScenario()'><b>runScenario</b><br>Test class: com.juaracoding.telemarketing.step_definitions.TestRunner<br>Test method: Runs Cucumber Scenarios<br>Parameters: "Logout user", "Login Developer"</td>
<td><div><pre>org.openqa.selenium.NoSuchElementException: no such element: Unable to locate element: {&quot;method&quot;:&quot;xpath&quot;,&quot;selector&quot;:&quot;//span[normalize-space()=&apos;DEVELOPER&apos;]&quot;}
  (Session info: chrome=105.0.5195.127)
For documentation on this error, please visit: https://www.seleniumhq.org/exceptions/no_such_element.html
Build info: version: &apos;3.141.59&apos;, revision: &apos;e82be7d358&apos;, time: &apos;2018-11-14T08:17:03&apos;
System info: host: &apos;DESKTOP-IER1J9F&apos;, ip: &apos;192.168.100.8&apos;, os.name: &apos;Windows 11&apos;, os.arch: &apos;amd64&apos;, os.version: &apos;10.0&apos;, java.version: &apos;17.0.4&apos;
Driver info: org.openqa.selenium.chrome.ChromeDriver
Capabilities {acceptInsecureCerts: false, browserName: chrome, browserVersion: 105.0.5195.127, chrome: {chromedriverVersion: 104.0.5112.79 (3cf3e8c8a07d..., userDataDir: C:\Users\HP0738~1.DES\AppDa...}, goog:chromeOptions: {debuggerAddress: localhost:52163}, javascriptEnabled: true, networkConnectionEnabled: false, pageLoadStrategy: normal, platform: WINDOWS, platformName: WINDOWS, proxy: Proxy(), setWindowRect: true, strictFileInteractability: false, timeouts: {implicit: 0, pageLoad: 300000, script: 30000}, unhandledPromptBehavior: dismiss and notify, webauthn:extension:credBlob: true, webauthn:extension:largeBlob: true, webauthn:virtualAuthenticators: true}
Session ID: 6a9c8f776b76433f4b7e171e1bf48bd7
*** Element info: {Using=xpath, value=//span[normalize-space()=&apos;DEVELOPER&apos;]}
	at java.base/jdk.internal.reflect.NativeConstructorAccessorImpl.newInstance0(Native Method)
	at java.base/jdk.internal.reflect.NativeConstructorAccessorImpl.newInstance(NativeConstructorAccessorImpl.java:77)
	at java.base/jdk.internal.reflect.DelegatingConstructorAccessorImpl.newInstance(DelegatingConstructorAccessorImpl.java:45)
	at java.base/java.lang.reflect.Constructor.newInstanceWithCaller(Constructor.java:499)
	at java.base/java.lang.reflect.Constructor.newInstance(Constructor.java:480)
	at org.openqa.selenium.remote.http.W3CHttpResponseCodec.createException(W3CHttpResponseCodec.java:187)
	at org.openqa.selenium.remote.http.W3CHttpResponseCodec.decode(W3CHttpResponseCodec.java:122)
	at org.openqa.selenium.remote.http.W3CHttpResponseCodec.decode(W3CHttpResponseCodec.java:49)
	at org.openqa.selenium.remote.HttpCommandExecutor.execute(HttpCommandExecutor.java:158)
	at org.openqa.selenium.remote.service.DriverCommandExecutor.execute(DriverCommandExecutor.java:83)
	at org.openqa.selenium.remote.RemoteWebDriver.execute(RemoteWebDriver.java:552)
	at org.openqa.selenium.remote.RemoteWebDriver.findElement(RemoteWebDriver.java:323)
	at org.openqa.selenium.remote.RemoteWebDriver.findElementByXPath(RemoteWebDriver.java:428)
	at org.openqa.selenium.By$ByXPath.findElement(By.java:353)
	at org.openqa.selenium.remote.RemoteWebDriver.findElement(RemoteWebDriver.java:315)
	at org.openqa.selenium.support.pagefactory.DefaultElementLocator.findElement(DefaultElementLocator.java:69)
	at org.openqa.selenium.support.pagefactory.internal.LocatingElementHandler.invoke(LocatingElementHandler.java:38)
	at jdk.proxy2/jdk.proxy2.$Proxy27.click(Unknown Source)
	at com.juaracoding.telemarketing.pages.LoginDev.logout(LoginDev.java:79)
	at com.juaracoding.telemarketing.step_definitions.TestLogin.click_profile(TestLogin.java:119)
	at ✽.click profile(file:///C:/Users/HP.DESKTOP-IER1J9F/eclipse-workspace/git-telemarketing/src/test/resources/features/01.LoginDev.feature:41)
</pre></div><a href='#' onClick='toggleBox("stack-trace1488526679", this, "Click to show all stack frames", "Click to hide stack frames")'>Click to show all stack frames</a>
<div class='stack-trace' id='stack-trace1488526679'><pre>org.openqa.selenium.NoSuchElementException: no such element: Unable to locate element: {&quot;method&quot;:&quot;xpath&quot;,&quot;selector&quot;:&quot;//span[normalize-space()=&apos;DEVELOPER&apos;]&quot;}
  (Session info: chrome=105.0.5195.127)
For documentation on this error, please visit: https://www.seleniumhq.org/exceptions/no_such_element.html
Build info: version: &apos;3.141.59&apos;, revision: &apos;e82be7d358&apos;, time: &apos;2018-11-14T08:17:03&apos;
System info: host: &apos;DESKTOP-IER1J9F&apos;, ip: &apos;192.168.100.8&apos;, os.name: &apos;Windows 11&apos;, os.arch: &apos;amd64&apos;, os.version: &apos;10.0&apos;, java.version: &apos;17.0.4&apos;
Driver info: org.openqa.selenium.chrome.ChromeDriver
Capabilities {acceptInsecureCerts: false, browserName: chrome, browserVersion: 105.0.5195.127, chrome: {chromedriverVersion: 104.0.5112.79 (3cf3e8c8a07d..., userDataDir: C:\Users\HP0738~1.DES\AppDa...}, goog:chromeOptions: {debuggerAddress: localhost:52163}, javascriptEnabled: true, networkConnectionEnabled: false, pageLoadStrategy: normal, platform: WINDOWS, platformName: WINDOWS, proxy: Proxy(), setWindowRect: true, strictFileInteractability: false, timeouts: {implicit: 0, pageLoad: 300000, script: 30000}, unhandledPromptBehavior: dismiss and notify, webauthn:extension:credBlob: true, webauthn:extension:largeBlob: true, webauthn:virtualAuthenticators: true}
Session ID: 6a9c8f776b76433f4b7e171e1bf48bd7
*** Element info: {Using=xpath, value=//span[normalize-space()=&apos;DEVELOPER&apos;]}
	at java.base/jdk.internal.reflect.NativeConstructorAccessorImpl.newInstance0(Native Method)
	at java.base/jdk.internal.reflect.NativeConstructorAccessorImpl.newInstance(NativeConstructorAccessorImpl.java:77)
	at java.base/jdk.internal.reflect.DelegatingConstructorAccessorImpl.newInstance(DelegatingConstructorAccessorImpl.java:45)
	at java.base/java.lang.reflect.Constructor.newInstanceWithCaller(Constructor.java:499)
	at java.base/java.lang.reflect.Constructor.newInstance(Constructor.java:480)
	at org.openqa.selenium.remote.http.W3CHttpResponseCodec.createException(W3CHttpResponseCodec.java:187)
	at org.openqa.selenium.remote.http.W3CHttpResponseCodec.decode(W3CHttpResponseCodec.java:122)
	at org.openqa.selenium.remote.http.W3CHttpResponseCodec.decode(W3CHttpResponseCodec.java:49)
	at org.openqa.selenium.remote.HttpCommandExecutor.execute(HttpCommandExecutor.java:158)
	at org.openqa.selenium.remote.service.DriverCommandExecutor.execute(DriverCommandExecutor.java:83)
	at org.openqa.selenium.remote.RemoteWebDriver.execute(RemoteWebDriver.java:552)
	at org.openqa.selenium.remote.RemoteWebDriver.findElement(RemoteWebDriver.java:323)
	at org.openqa.selenium.remote.RemoteWebDriver.findElementByXPath(RemoteWebDriver.java:428)
	at org.openqa.selenium.By$ByXPath.findElement(By.java:353)
	at org.openqa.selenium.remote.RemoteWebDriver.findElement(RemoteWebDriver.java:315)
	at org.openqa.selenium.support.pagefactory.DefaultElementLocator.findElement(DefaultElementLocator.java:69)
	at org.openqa.selenium.support.pagefactory.internal.LocatingElementHandler.invoke(LocatingElementHandler.java:38)
	at jdk.proxy2/jdk.proxy2.$Proxy27.click(Unknown Source)
	at com.juaracoding.telemarketing.pages.LoginDev.logout(LoginDev.java:79)
	at com.juaracoding.telemarketing.step_definitions.TestLogin.click_profile(TestLogin.java:119)
	at ✽.click profile(file:///C:/Users/HP.DESKTOP-IER1J9F/eclipse-workspace/git-telemarketing/src/test/resources/features/01.LoginDev.feature:41)
</pre></div></td>
<td>12</td>
<td>com.juaracoding.telemarketing.step_definitions.TestRunner@384ad17b</td></tr>
<tr>
<td title='com.juaracoding.telemarketing.step_definitions.TestRunner.runScenario()'><b>runScenario</b><br>Test class: com.juaracoding.telemarketing.step_definitions.TestRunner<br>Test method: Runs Cucumber Scenarios<br>Parameters: "Choose data valid", "Upload Data Developer"</td>
<td><div><pre>org.openqa.selenium.NoSuchElementException: no such element: Unable to locate element: {&quot;method&quot;:&quot;xpath&quot;,&quot;selector&quot;:&quot;//input[@type=&apos;file&apos;]&quot;}
  (Session info: chrome=105.0.5195.127)
For documentation on this error, please visit: https://www.seleniumhq.org/exceptions/no_such_element.html
Build info: version: &apos;3.141.59&apos;, revision: &apos;e82be7d358&apos;, time: &apos;2018-11-14T08:17:03&apos;
System info: host: &apos;DESKTOP-IER1J9F&apos;, ip: &apos;192.168.100.8&apos;, os.name: &apos;Windows 11&apos;, os.arch: &apos;amd64&apos;, os.version: &apos;10.0&apos;, java.version: &apos;17.0.4&apos;
Driver info: org.openqa.selenium.chrome.ChromeDriver
Capabilities {acceptInsecureCerts: false, browserName: chrome, browserVersion: 105.0.5195.127, chrome: {chromedriverVersion: 104.0.5112.79 (3cf3e8c8a07d..., userDataDir: C:\Users\HP0738~1.DES\AppDa...}, goog:chromeOptions: {debuggerAddress: localhost:52163}, javascriptEnabled: true, networkConnectionEnabled: false, pageLoadStrategy: normal, platform: WINDOWS, platformName: WINDOWS, proxy: Proxy(), setWindowRect: true, strictFileInteractability: false, timeouts: {implicit: 0, pageLoad: 300000, script: 30000}, unhandledPromptBehavior: dismiss and notify, webauthn:extension:credBlob: true, webauthn:extension:largeBlob: true, webauthn:virtualAuthenticators: true}
Session ID: 6a9c8f776b76433f4b7e171e1bf48bd7
*** Element info: {Using=xpath, value=//input[@type=&apos;file&apos;]}
	at java.base/jdk.internal.reflect.NativeConstructorAccessorImpl.newInstance0(Native Method)
	at java.base/jdk.internal.reflect.NativeConstructorAccessorImpl.newInstance(NativeConstructorAccessorImpl.java:77)
	at java.base/jdk.internal.reflect.DelegatingConstructorAccessorImpl.newInstance(DelegatingConstructorAccessorImpl.java:45)
	at java.base/java.lang.reflect.Constructor.newInstanceWithCaller(Constructor.java:499)
	at java.base/java.lang.reflect.Constructor.newInstance(Constructor.java:480)
	at org.openqa.selenium.remote.http.W3CHttpResponseCodec.createException(W3CHttpResponseCodec.java:187)
	at org.openqa.selenium.remote.http.W3CHttpResponseCodec.decode(W3CHttpResponseCodec.java:122)
	at org.openqa.selenium.remote.http.W3CHttpResponseCodec.decode(W3CHttpResponseCodec.java:49)
	at org.openqa.selenium.remote.HttpCommandExecutor.execute(HttpCommandExecutor.java:158)
	at org.openqa.selenium.remote.service.DriverCommandExecutor.execute(DriverCommandExecutor.java:83)
	at org.openqa.selenium.remote.RemoteWebDriver.execute(RemoteWebDriver.java:552)
	at org.openqa.selenium.remote.RemoteWebDriver.findElement(RemoteWebDriver.java:323)
	at org.openqa.selenium.remote.RemoteWebDriver.findElementByXPath(RemoteWebDriver.java:428)
	at org.openqa.selenium.By$ByXPath.findElement(By.java:353)
	at org.openqa.selenium.remote.RemoteWebDriver.findElement(RemoteWebDriver.java:315)
	at org.openqa.selenium.support.pagefactory.DefaultElementLocator.findElement(DefaultElementLocator.java:69)
	at org.openqa.selenium.support.pagefactory.internal.LocatingElementHandler.invoke(LocatingElementHandler.java:38)
	at jdk.proxy2/jdk.proxy2.$Proxy27.sendKeys(Unknown Source)
	at com.juaracoding.telemarketing.pages.UploadData.btnChooseFileValid(UploadData.java:61)
	at com.juaracoding.telemarketing.step_definitions.TestUploadData.user_click_choose_file_valid(TestUploadData.java:60)
	at ✽.User click choose file valid(file:///C:/Users/HP.DESKTOP-IER1J9F/eclipse-workspace/git-telemarketing/src/test/resources/features/02.%20UploadData.feature:14)
</pre></div><a href='#' onClick='toggleBox("stack-trace131532344", this, "Click to show all stack frames", "Click to hide stack frames")'>Click to show all stack frames</a>
<div class='stack-trace' id='stack-trace131532344'><pre>org.openqa.selenium.NoSuchElementException: no such element: Unable to locate element: {&quot;method&quot;:&quot;xpath&quot;,&quot;selector&quot;:&quot;//input[@type=&apos;file&apos;]&quot;}
  (Session info: chrome=105.0.5195.127)
For documentation on this error, please visit: https://www.seleniumhq.org/exceptions/no_such_element.html
Build info: version: &apos;3.141.59&apos;, revision: &apos;e82be7d358&apos;, time: &apos;2018-11-14T08:17:03&apos;
System info: host: &apos;DESKTOP-IER1J9F&apos;, ip: &apos;192.168.100.8&apos;, os.name: &apos;Windows 11&apos;, os.arch: &apos;amd64&apos;, os.version: &apos;10.0&apos;, java.version: &apos;17.0.4&apos;
Driver info: org.openqa.selenium.chrome.ChromeDriver
Capabilities {acceptInsecureCerts: false, browserName: chrome, browserVersion: 105.0.5195.127, chrome: {chromedriverVersion: 104.0.5112.79 (3cf3e8c8a07d..., userDataDir: C:\Users\HP0738~1.DES\AppDa...}, goog:chromeOptions: {debuggerAddress: localhost:52163}, javascriptEnabled: true, networkConnectionEnabled: false, pageLoadStrategy: normal, platform: WINDOWS, platformName: WINDOWS, proxy: Proxy(), setWindowRect: true, strictFileInteractability: false, timeouts: {implicit: 0, pageLoad: 300000, script: 30000}, unhandledPromptBehavior: dismiss and notify, webauthn:extension:credBlob: true, webauthn:extension:largeBlob: true, webauthn:virtualAuthenticators: true}
Session ID: 6a9c8f776b76433f4b7e171e1bf48bd7
*** Element info: {Using=xpath, value=//input[@type=&apos;file&apos;]}
	at java.base/jdk.internal.reflect.NativeConstructorAccessorImpl.newInstance0(Native Method)
	at java.base/jdk.internal.reflect.NativeConstructorAccessorImpl.newInstance(NativeConstructorAccessorImpl.java:77)
	at java.base/jdk.internal.reflect.DelegatingConstructorAccessorImpl.newInstance(DelegatingConstructorAccessorImpl.java:45)
	at java.base/java.lang.reflect.Constructor.newInstanceWithCaller(Constructor.java:499)
	at java.base/java.lang.reflect.Constructor.newInstance(Constructor.java:480)
	at org.openqa.selenium.remote.http.W3CHttpResponseCodec.createException(W3CHttpResponseCodec.java:187)
	at org.openqa.selenium.remote.http.W3CHttpResponseCodec.decode(W3CHttpResponseCodec.java:122)
	at org.openqa.selenium.remote.http.W3CHttpResponseCodec.decode(W3CHttpResponseCodec.java:49)
	at org.openqa.selenium.remote.HttpCommandExecutor.execute(HttpCommandExecutor.java:158)
	at org.openqa.selenium.remote.service.DriverCommandExecutor.execute(DriverCommandExecutor.java:83)
	at org.openqa.selenium.remote.RemoteWebDriver.execute(RemoteWebDriver.java:552)
	at org.openqa.selenium.remote.RemoteWebDriver.findElement(RemoteWebDriver.java:323)
	at org.openqa.selenium.remote.RemoteWebDriver.findElementByXPath(RemoteWebDriver.java:428)
	at org.openqa.selenium.By$ByXPath.findElement(By.java:353)
	at org.openqa.selenium.remote.RemoteWebDriver.findElement(RemoteWebDriver.java:315)
	at org.openqa.selenium.support.pagefactory.DefaultElementLocator.findElement(DefaultElementLocator.java:69)
	at org.openqa.selenium.support.pagefactory.internal.LocatingElementHandler.invoke(LocatingElementHandler.java:38)
	at jdk.proxy2/jdk.proxy2.$Proxy27.sendKeys(Unknown Source)
	at com.juaracoding.telemarketing.pages.UploadData.btnChooseFileValid(UploadData.java:61)
	at com.juaracoding.telemarketing.step_definitions.TestUploadData.user_click_choose_file_valid(TestUploadData.java:60)
	at ✽.User click choose file valid(file:///C:/Users/HP.DESKTOP-IER1J9F/eclipse-workspace/git-telemarketing/src/test/resources/features/02.%20UploadData.feature:14)
</pre></div></td>
<td>12</td>
<td>com.juaracoding.telemarketing.step_definitions.TestRunner@384ad17b</td></tr>
<tr>
<td title='com.juaracoding.telemarketing.step_definitions.TestRunner.runScenario()'><b>runScenario</b><br>Test class: com.juaracoding.telemarketing.step_definitions.TestRunner<br>Test method: Runs Cucumber Scenarios<br>Parameters: "Dashboard Data", "Upload Data Developer"</td>
<td><div><pre>org.openqa.selenium.ElementClickInterceptedException: element click intercepted: Element &lt;h3 style=&quot;margin:1px;&quot; class=&quot;ui-accordion-header ui-state-default ui-corner-all ui-accordion-icons&quot; role=&quot;tab&quot; id=&quot;ui-id-11&quot; aria-controls=&quot;ui-id-12&quot; aria-selected=&quot;false&quot; aria-expanded=&quot;false&quot; tabindex=&quot;0&quot;&gt;...&lt;/h3&gt; is not clickable at point (120, 113). Other element would receive the click: &lt;div class=&quot;ui-widget-overlay ui-front&quot; style=&quot;z-index: 100;&quot;&gt;&lt;/div&gt;
  (Session info: chrome=105.0.5195.127)
Build info: version: &apos;3.141.59&apos;, revision: &apos;e82be7d358&apos;, time: &apos;2018-11-14T08:17:03&apos;
System info: host: &apos;DESKTOP-IER1J9F&apos;, ip: &apos;192.168.100.8&apos;, os.name: &apos;Windows 11&apos;, os.arch: &apos;amd64&apos;, os.version: &apos;10.0&apos;, java.version: &apos;17.0.4&apos;
Driver info: org.openqa.selenium.chrome.ChromeDriver
Capabilities {acceptInsecureCerts: false, browserName: chrome, browserVersion: 105.0.5195.127, chrome: {chromedriverVersion: 104.0.5112.79 (3cf3e8c8a07d..., userDataDir: C:\Users\HP0738~1.DES\AppDa...}, goog:chromeOptions: {debuggerAddress: localhost:52163}, javascriptEnabled: true, networkConnectionEnabled: false, pageLoadStrategy: normal, platform: WINDOWS, platformName: WINDOWS, proxy: Proxy(), setWindowRect: true, strictFileInteractability: false, timeouts: {implicit: 0, pageLoad: 300000, script: 30000}, unhandledPromptBehavior: dismiss and notify, webauthn:extension:credBlob: true, webauthn:extension:largeBlob: true, webauthn:virtualAuthenticators: true}
Session ID: 6a9c8f776b76433f4b7e171e1bf48bd7
	at java.base/jdk.internal.reflect.NativeConstructorAccessorImpl.newInstance0(Native Method)
	at java.base/jdk.internal.reflect.NativeConstructorAccessorImpl.newInstance(NativeConstructorAccessorImpl.java:77)
	at java.base/jdk.internal.reflect.DelegatingConstructorAccessorImpl.newInstance(DelegatingConstructorAccessorImpl.java:45)
	at java.base/java.lang.reflect.Constructor.newInstanceWithCaller(Constructor.java:499)
	at java.base/java.lang.reflect.Constructor.newInstance(Constructor.java:480)
	at org.openqa.selenium.remote.http.W3CHttpResponseCodec.createException(W3CHttpResponseCodec.java:187)
	at org.openqa.selenium.remote.http.W3CHttpResponseCodec.decode(W3CHttpResponseCodec.java:122)
	at org.openqa.selenium.remote.http.W3CHttpResponseCodec.decode(W3CHttpResponseCodec.java:49)
	at org.openqa.selenium.remote.HttpCommandExecutor.execute(HttpCommandExecutor.java:158)
	at org.openqa.selenium.remote.service.DriverCommandExecutor.execute(DriverCommandExecutor.java:83)
	at org.openqa.selenium.remote.RemoteWebDriver.execute(RemoteWebDriver.java:552)
	at org.openqa.selenium.remote.RemoteWebElement.execute(RemoteWebElement.java:285)
	at org.openqa.selenium.remote.RemoteWebElement.click(RemoteWebElement.java:84)
	at java.base/jdk.internal.reflect.NativeMethodAccessorImpl.invoke0(Native Method)
	at java.base/jdk.internal.reflect.NativeMethodAccessorImpl.invoke(NativeMethodAccessorImpl.java:77)
	at java.base/jdk.internal.reflect.DelegatingMethodAccessorImpl.invoke(DelegatingMethodAccessorImpl.java:43)
	at java.base/java.lang.reflect.Method.invoke(Method.java:568)
	at org.openqa.selenium.support.pagefactory.internal.LocatingElementHandler.invoke(LocatingElementHandler.java:51)
	at jdk.proxy2/jdk.proxy2.$Proxy27.click(Unknown Source)
	at com.juaracoding.telemarketing.pages.UploadData.btnData(UploadData.java:44)
	at com.juaracoding.telemarketing.step_definitions.TestUploadData.pilih_menu_data(TestUploadData.java:28)
	at ✽.Pilih menu data(file:///C:/Users/HP.DESKTOP-IER1J9F/eclipse-workspace/git-telemarketing/src/test/resources/features/02.%20UploadData.feature:4)
</pre></div><a href='#' onClick='toggleBox("stack-trace1492801385", this, "Click to show all stack frames", "Click to hide stack frames")'>Click to show all stack frames</a>
<div class='stack-trace' id='stack-trace1492801385'><pre>org.openqa.selenium.ElementClickInterceptedException: element click intercepted: Element &lt;h3 style=&quot;margin:1px;&quot; class=&quot;ui-accordion-header ui-state-default ui-corner-all ui-accordion-icons&quot; role=&quot;tab&quot; id=&quot;ui-id-11&quot; aria-controls=&quot;ui-id-12&quot; aria-selected=&quot;false&quot; aria-expanded=&quot;false&quot; tabindex=&quot;0&quot;&gt;...&lt;/h3&gt; is not clickable at point (120, 113). Other element would receive the click: &lt;div class=&quot;ui-widget-overlay ui-front&quot; style=&quot;z-index: 100;&quot;&gt;&lt;/div&gt;
  (Session info: chrome=105.0.5195.127)
Build info: version: &apos;3.141.59&apos;, revision: &apos;e82be7d358&apos;, time: &apos;2018-11-14T08:17:03&apos;
System info: host: &apos;DESKTOP-IER1J9F&apos;, ip: &apos;192.168.100.8&apos;, os.name: &apos;Windows 11&apos;, os.arch: &apos;amd64&apos;, os.version: &apos;10.0&apos;, java.version: &apos;17.0.4&apos;
Driver info: org.openqa.selenium.chrome.ChromeDriver
Capabilities {acceptInsecureCerts: false, browserName: chrome, browserVersion: 105.0.5195.127, chrome: {chromedriverVersion: 104.0.5112.79 (3cf3e8c8a07d..., userDataDir: C:\Users\HP0738~1.DES\AppDa...}, goog:chromeOptions: {debuggerAddress: localhost:52163}, javascriptEnabled: true, networkConnectionEnabled: false, pageLoadStrategy: normal, platform: WINDOWS, platformName: WINDOWS, proxy: Proxy(), setWindowRect: true, strictFileInteractability: false, timeouts: {implicit: 0, pageLoad: 300000, script: 30000}, unhandledPromptBehavior: dismiss and notify, webauthn:extension:credBlob: true, webauthn:extension:largeBlob: true, webauthn:virtualAuthenticators: true}
Session ID: 6a9c8f776b76433f4b7e171e1bf48bd7
	at java.base/jdk.internal.reflect.NativeConstructorAccessorImpl.newInstance0(Native Method)
	at java.base/jdk.internal.reflect.NativeConstructorAccessorImpl.newInstance(NativeConstructorAccessorImpl.java:77)
	at java.base/jdk.internal.reflect.DelegatingConstructorAccessorImpl.newInstance(DelegatingConstructorAccessorImpl.java:45)
	at java.base/java.lang.reflect.Constructor.newInstanceWithCaller(Constructor.java:499)
	at java.base/java.lang.reflect.Constructor.newInstance(Constructor.java:480)
	at org.openqa.selenium.remote.http.W3CHttpResponseCodec.createException(W3CHttpResponseCodec.java:187)
	at org.openqa.selenium.remote.http.W3CHttpResponseCodec.decode(W3CHttpResponseCodec.java:122)
	at org.openqa.selenium.remote.http.W3CHttpResponseCodec.decode(W3CHttpResponseCodec.java:49)
	at org.openqa.selenium.remote.HttpCommandExecutor.execute(HttpCommandExecutor.java:158)
	at org.openqa.selenium.remote.service.DriverCommandExecutor.execute(DriverCommandExecutor.java:83)
	at org.openqa.selenium.remote.RemoteWebDriver.execute(RemoteWebDriver.java:552)
	at org.openqa.selenium.remote.RemoteWebElement.execute(RemoteWebElement.java:285)
	at org.openqa.selenium.remote.RemoteWebElement.click(RemoteWebElement.java:84)
	at java.base/jdk.internal.reflect.NativeMethodAccessorImpl.invoke0(Native Method)
	at java.base/jdk.internal.reflect.NativeMethodAccessorImpl.invoke(NativeMethodAccessorImpl.java:77)
	at java.base/jdk.internal.reflect.DelegatingMethodAccessorImpl.invoke(DelegatingMethodAccessorImpl.java:43)
	at java.base/java.lang.reflect.Method.invoke(Method.java:568)
	at org.openqa.selenium.support.pagefactory.internal.LocatingElementHandler.invoke(LocatingElementHandler.java:51)
	at jdk.proxy2/jdk.proxy2.$Proxy27.click(Unknown Source)
	at com.juaracoding.telemarketing.pages.UploadData.btnData(UploadData.java:44)
	at com.juaracoding.telemarketing.step_definitions.TestUploadData.pilih_menu_data(TestUploadData.java:28)
	at ✽.Pilih menu data(file:///C:/Users/HP.DESKTOP-IER1J9F/eclipse-workspace/git-telemarketing/src/test/resources/features/02.%20UploadData.feature:4)
</pre></div></td>
<td>3</td>
<td>com.juaracoding.telemarketing.step_definitions.TestRunner@384ad17b</td></tr>
<tr>
<td title='com.juaracoding.telemarketing.step_definitions.TestRunner.runScenario()'><b>runScenario</b><br>Test class: com.juaracoding.telemarketing.step_definitions.TestRunner<br>Test method: Runs Cucumber Scenarios<br>Parameters: "Distribusi form null", "Distribute Data"</td>
<td><div><pre>org.openqa.selenium.ElementClickInterceptedException: element click intercepted: Element &lt;div class=&quot;ui-icon ui-icon-triangle-1-e&quot; style=&quot;float: left;&quot;&gt;&lt;/div&gt; is not clickable at point (378, 615). Other element would receive the click: &lt;div class=&quot;nikita-form-busy-bg&quot; style=&quot;background-color:white;position:fixed;left:0px;bottom:0px;right:0px;top:0px;&quot;&gt;&lt;/div&gt;
  (Session info: chrome=105.0.5195.127)
Build info: version: &apos;3.141.59&apos;, revision: &apos;e82be7d358&apos;, time: &apos;2018-11-14T08:17:03&apos;
System info: host: &apos;DESKTOP-IER1J9F&apos;, ip: &apos;192.168.100.8&apos;, os.name: &apos;Windows 11&apos;, os.arch: &apos;amd64&apos;, os.version: &apos;10.0&apos;, java.version: &apos;17.0.4&apos;
Driver info: org.openqa.selenium.chrome.ChromeDriver
Capabilities {acceptInsecureCerts: false, browserName: chrome, browserVersion: 105.0.5195.127, chrome: {chromedriverVersion: 104.0.5112.79 (3cf3e8c8a07d..., userDataDir: C:\Users\HP0738~1.DES\AppDa...}, goog:chromeOptions: {debuggerAddress: localhost:52163}, javascriptEnabled: true, networkConnectionEnabled: false, pageLoadStrategy: normal, platform: WINDOWS, platformName: WINDOWS, proxy: Proxy(), setWindowRect: true, strictFileInteractability: false, timeouts: {implicit: 0, pageLoad: 300000, script: 30000}, unhandledPromptBehavior: dismiss and notify, webauthn:extension:credBlob: true, webauthn:extension:largeBlob: true, webauthn:virtualAuthenticators: true}
Session ID: 6a9c8f776b76433f4b7e171e1bf48bd7
	at java.base/jdk.internal.reflect.NativeConstructorAccessorImpl.newInstance0(Native Method)
	at java.base/jdk.internal.reflect.NativeConstructorAccessorImpl.newInstance(NativeConstructorAccessorImpl.java:77)
	at java.base/jdk.internal.reflect.DelegatingConstructorAccessorImpl.newInstance(DelegatingConstructorAccessorImpl.java:45)
	at java.base/java.lang.reflect.Constructor.newInstanceWithCaller(Constructor.java:499)
	at java.base/java.lang.reflect.Constructor.newInstance(Constructor.java:480)
	at org.openqa.selenium.remote.http.W3CHttpResponseCodec.createException(W3CHttpResponseCodec.java:187)
	at org.openqa.selenium.remote.http.W3CHttpResponseCodec.decode(W3CHttpResponseCodec.java:122)
	at org.openqa.selenium.remote.http.W3CHttpResponseCodec.decode(W3CHttpResponseCodec.java:49)
	at org.openqa.selenium.remote.HttpCommandExecutor.execute(HttpCommandExecutor.java:158)
	at org.openqa.selenium.remote.service.DriverCommandExecutor.execute(DriverCommandExecutor.java:83)
	at org.openqa.selenium.remote.RemoteWebDriver.execute(RemoteWebDriver.java:552)
	at org.openqa.selenium.remote.RemoteWebElement.execute(RemoteWebElement.java:285)
	at org.openqa.selenium.remote.RemoteWebElement.click(RemoteWebElement.java:84)
	at jdk.internal.reflect.GeneratedMethodAccessor101.invoke(Unknown Source)
	at java.base/jdk.internal.reflect.DelegatingMethodAccessorImpl.invoke(DelegatingMethodAccessorImpl.java:43)
	at java.base/java.lang.reflect.Method.invoke(Method.java:568)
	at org.openqa.selenium.support.pagefactory.internal.LocatingElementHandler.invoke(LocatingElementHandler.java:51)
	at jdk.proxy2/jdk.proxy2.$Proxy27.click(Unknown Source)
	at com.juaracoding.telemarketing.pages.DistributeData.clickDistribusiKe(DistributeData.java:186)
	at com.juaracoding.telemarketing.step_definitions.TestDistributeData.choose_distribusi_ke_null(TestDistributeData.java:157)
	at ✽.choose distribusi ke null(file:///C:/Users/HP.DESKTOP-IER1J9F/eclipse-workspace/git-telemarketing/src/test/resources/features/03.DistributeData.feature:79)
</pre></div><a href='#' onClick='toggleBox("stack-trace608414678", this, "Click to show all stack frames", "Click to hide stack frames")'>Click to show all stack frames</a>
<div class='stack-trace' id='stack-trace608414678'><pre>org.openqa.selenium.ElementClickInterceptedException: element click intercepted: Element &lt;div class=&quot;ui-icon ui-icon-triangle-1-e&quot; style=&quot;float: left;&quot;&gt;&lt;/div&gt; is not clickable at point (378, 615). Other element would receive the click: &lt;div class=&quot;nikita-form-busy-bg&quot; style=&quot;background-color:white;position:fixed;left:0px;bottom:0px;right:0px;top:0px;&quot;&gt;&lt;/div&gt;
  (Session info: chrome=105.0.5195.127)
Build info: version: &apos;3.141.59&apos;, revision: &apos;e82be7d358&apos;, time: &apos;2018-11-14T08:17:03&apos;
System info: host: &apos;DESKTOP-IER1J9F&apos;, ip: &apos;192.168.100.8&apos;, os.name: &apos;Windows 11&apos;, os.arch: &apos;amd64&apos;, os.version: &apos;10.0&apos;, java.version: &apos;17.0.4&apos;
Driver info: org.openqa.selenium.chrome.ChromeDriver
Capabilities {acceptInsecureCerts: false, browserName: chrome, browserVersion: 105.0.5195.127, chrome: {chromedriverVersion: 104.0.5112.79 (3cf3e8c8a07d..., userDataDir: C:\Users\HP0738~1.DES\AppDa...}, goog:chromeOptions: {debuggerAddress: localhost:52163}, javascriptEnabled: true, networkConnectionEnabled: false, pageLoadStrategy: normal, platform: WINDOWS, platformName: WINDOWS, proxy: Proxy(), setWindowRect: true, strictFileInteractability: false, timeouts: {implicit: 0, pageLoad: 300000, script: 30000}, unhandledPromptBehavior: dismiss and notify, webauthn:extension:credBlob: true, webauthn:extension:largeBlob: true, webauthn:virtualAuthenticators: true}
Session ID: 6a9c8f776b76433f4b7e171e1bf48bd7
	at java.base/jdk.internal.reflect.NativeConstructorAccessorImpl.newInstance0(Native Method)
	at java.base/jdk.internal.reflect.NativeConstructorAccessorImpl.newInstance(NativeConstructorAccessorImpl.java:77)
	at java.base/jdk.internal.reflect.DelegatingConstructorAccessorImpl.newInstance(DelegatingConstructorAccessorImpl.java:45)
	at java.base/java.lang.reflect.Constructor.newInstanceWithCaller(Constructor.java:499)
	at java.base/java.lang.reflect.Constructor.newInstance(Constructor.java:480)
	at org.openqa.selenium.remote.http.W3CHttpResponseCodec.createException(W3CHttpResponseCodec.java:187)
	at org.openqa.selenium.remote.http.W3CHttpResponseCodec.decode(W3CHttpResponseCodec.java:122)
	at org.openqa.selenium.remote.http.W3CHttpResponseCodec.decode(W3CHttpResponseCodec.java:49)
	at org.openqa.selenium.remote.HttpCommandExecutor.execute(HttpCommandExecutor.java:158)
	at org.openqa.selenium.remote.service.DriverCommandExecutor.execute(DriverCommandExecutor.java:83)
	at org.openqa.selenium.remote.RemoteWebDriver.execute(RemoteWebDriver.java:552)
	at org.openqa.selenium.remote.RemoteWebElement.execute(RemoteWebElement.java:285)
	at org.openqa.selenium.remote.RemoteWebElement.click(RemoteWebElement.java:84)
	at jdk.internal.reflect.GeneratedMethodAccessor101.invoke(Unknown Source)
	at java.base/jdk.internal.reflect.DelegatingMethodAccessorImpl.invoke(DelegatingMethodAccessorImpl.java:43)
	at java.base/java.lang.reflect.Method.invoke(Method.java:568)
	at org.openqa.selenium.support.pagefactory.internal.LocatingElementHandler.invoke(LocatingElementHandler.java:51)
	at jdk.proxy2/jdk.proxy2.$Proxy27.click(Unknown Source)
	at com.juaracoding.telemarketing.pages.DistributeData.clickDistribusiKe(DistributeData.java:186)
	at com.juaracoding.telemarketing.step_definitions.TestDistributeData.choose_distribusi_ke_null(TestDistributeData.java:157)
	at ✽.choose distribusi ke null(file:///C:/Users/HP.DESKTOP-IER1J9F/eclipse-workspace/git-telemarketing/src/test/resources/features/03.DistributeData.feature:79)
</pre></div></td>
<td>1</td>
<td>com.juaracoding.telemarketing.step_definitions.TestRunner@384ad17b</td></tr>
<tr>
<td title='com.juaracoding.telemarketing.step_definitions.TestRunner.runScenario()'><b>runScenario</b><br>Test class: com.juaracoding.telemarketing.step_definitions.TestRunner<br>Test method: Runs Cucumber Scenarios<br>Parameters: "Logout", "Report Activity"</td>
<td><div><pre>org.openqa.selenium.NoSuchElementException: no such element: Unable to locate element: {&quot;method&quot;:&quot;xpath&quot;,&quot;selector&quot;:&quot;//span[normalize-space()=&apos;DEVELOPER&apos;]&quot;}
  (Session info: chrome=105.0.5195.127)
For documentation on this error, please visit: https://www.seleniumhq.org/exceptions/no_such_element.html
Build info: version: &apos;3.141.59&apos;, revision: &apos;e82be7d358&apos;, time: &apos;2018-11-14T08:17:03&apos;
System info: host: &apos;DESKTOP-IER1J9F&apos;, ip: &apos;192.168.100.8&apos;, os.name: &apos;Windows 11&apos;, os.arch: &apos;amd64&apos;, os.version: &apos;10.0&apos;, java.version: &apos;17.0.4&apos;
Driver info: org.openqa.selenium.chrome.ChromeDriver
Capabilities {acceptInsecureCerts: false, browserName: chrome, browserVersion: 105.0.5195.127, chrome: {chromedriverVersion: 104.0.5112.79 (3cf3e8c8a07d..., userDataDir: C:\Users\HP0738~1.DES\AppDa...}, goog:chromeOptions: {debuggerAddress: localhost:52163}, javascriptEnabled: true, networkConnectionEnabled: false, pageLoadStrategy: normal, platform: WINDOWS, platformName: WINDOWS, proxy: Proxy(), setWindowRect: true, strictFileInteractability: false, timeouts: {implicit: 0, pageLoad: 300000, script: 30000}, unhandledPromptBehavior: dismiss and notify, webauthn:extension:credBlob: true, webauthn:extension:largeBlob: true, webauthn:virtualAuthenticators: true}
Session ID: 6a9c8f776b76433f4b7e171e1bf48bd7
*** Element info: {Using=xpath, value=//span[normalize-space()=&apos;DEVELOPER&apos;]}
	at java.base/jdk.internal.reflect.NativeConstructorAccessorImpl.newInstance0(Native Method)
	at java.base/jdk.internal.reflect.NativeConstructorAccessorImpl.newInstance(NativeConstructorAccessorImpl.java:77)
	at java.base/jdk.internal.reflect.DelegatingConstructorAccessorImpl.newInstance(DelegatingConstructorAccessorImpl.java:45)
	at java.base/java.lang.reflect.Constructor.newInstanceWithCaller(Constructor.java:499)
	at java.base/java.lang.reflect.Constructor.newInstance(Constructor.java:480)
	at org.openqa.selenium.remote.http.W3CHttpResponseCodec.createException(W3CHttpResponseCodec.java:187)
	at org.openqa.selenium.remote.http.W3CHttpResponseCodec.decode(W3CHttpResponseCodec.java:122)
	at org.openqa.selenium.remote.http.W3CHttpResponseCodec.decode(W3CHttpResponseCodec.java:49)
	at org.openqa.selenium.remote.HttpCommandExecutor.execute(HttpCommandExecutor.java:158)
	at org.openqa.selenium.remote.service.DriverCommandExecutor.execute(DriverCommandExecutor.java:83)
	at org.openqa.selenium.remote.RemoteWebDriver.execute(RemoteWebDriver.java:552)
	at org.openqa.selenium.remote.RemoteWebDriver.findElement(RemoteWebDriver.java:323)
	at org.openqa.selenium.remote.RemoteWebDriver.findElementByXPath(RemoteWebDriver.java:428)
	at org.openqa.selenium.By$ByXPath.findElement(By.java:353)
	at org.openqa.selenium.remote.RemoteWebDriver.findElement(RemoteWebDriver.java:315)
	at org.openqa.selenium.support.pagefactory.DefaultElementLocator.findElement(DefaultElementLocator.java:69)
	at org.openqa.selenium.support.pagefactory.internal.LocatingElementHandler.invoke(LocatingElementHandler.java:38)
	at jdk.proxy2/jdk.proxy2.$Proxy27.click(Unknown Source)
	at com.juaracoding.telemarketing.pages.LoginDev.logout(LoginDev.java:79)
	at com.juaracoding.telemarketing.step_definitions.TestReportAct.user_click_profile(TestReportAct.java:85)
	at ✽.User click profile(file:///C:/Users/HP.DESKTOP-IER1J9F/eclipse-workspace/git-telemarketing/src/test/resources/features/12.ReportAct.feature:22)
</pre></div><a href='#' onClick='toggleBox("stack-trace1946464242", this, "Click to show all stack frames", "Click to hide stack frames")'>Click to show all stack frames</a>
<div class='stack-trace' id='stack-trace1946464242'><pre>org.openqa.selenium.NoSuchElementException: no such element: Unable to locate element: {&quot;method&quot;:&quot;xpath&quot;,&quot;selector&quot;:&quot;//span[normalize-space()=&apos;DEVELOPER&apos;]&quot;}
  (Session info: chrome=105.0.5195.127)
For documentation on this error, please visit: https://www.seleniumhq.org/exceptions/no_such_element.html
Build info: version: &apos;3.141.59&apos;, revision: &apos;e82be7d358&apos;, time: &apos;2018-11-14T08:17:03&apos;
System info: host: &apos;DESKTOP-IER1J9F&apos;, ip: &apos;192.168.100.8&apos;, os.name: &apos;Windows 11&apos;, os.arch: &apos;amd64&apos;, os.version: &apos;10.0&apos;, java.version: &apos;17.0.4&apos;
Driver info: org.openqa.selenium.chrome.ChromeDriver
Capabilities {acceptInsecureCerts: false, browserName: chrome, browserVersion: 105.0.5195.127, chrome: {chromedriverVersion: 104.0.5112.79 (3cf3e8c8a07d..., userDataDir: C:\Users\HP0738~1.DES\AppDa...}, goog:chromeOptions: {debuggerAddress: localhost:52163}, javascriptEnabled: true, networkConnectionEnabled: false, pageLoadStrategy: normal, platform: WINDOWS, platformName: WINDOWS, proxy: Proxy(), setWindowRect: true, strictFileInteractability: false, timeouts: {implicit: 0, pageLoad: 300000, script: 30000}, unhandledPromptBehavior: dismiss and notify, webauthn:extension:credBlob: true, webauthn:extension:largeBlob: true, webauthn:virtualAuthenticators: true}
Session ID: 6a9c8f776b76433f4b7e171e1bf48bd7
*** Element info: {Using=xpath, value=//span[normalize-space()=&apos;DEVELOPER&apos;]}
	at java.base/jdk.internal.reflect.NativeConstructorAccessorImpl.newInstance0(Native Method)
	at java.base/jdk.internal.reflect.NativeConstructorAccessorImpl.newInstance(NativeConstructorAccessorImpl.java:77)
	at java.base/jdk.internal.reflect.DelegatingConstructorAccessorImpl.newInstance(DelegatingConstructorAccessorImpl.java:45)
	at java.base/java.lang.reflect.Constructor.newInstanceWithCaller(Constructor.java:499)
	at java.base/java.lang.reflect.Constructor.newInstance(Constructor.java:480)
	at org.openqa.selenium.remote.http.W3CHttpResponseCodec.createException(W3CHttpResponseCodec.java:187)
	at org.openqa.selenium.remote.http.W3CHttpResponseCodec.decode(W3CHttpResponseCodec.java:122)
	at org.openqa.selenium.remote.http.W3CHttpResponseCodec.decode(W3CHttpResponseCodec.java:49)
	at org.openqa.selenium.remote.HttpCommandExecutor.execute(HttpCommandExecutor.java:158)
	at org.openqa.selenium.remote.service.DriverCommandExecutor.execute(DriverCommandExecutor.java:83)
	at org.openqa.selenium.remote.RemoteWebDriver.execute(RemoteWebDriver.java:552)
	at org.openqa.selenium.remote.RemoteWebDriver.findElement(RemoteWebDriver.java:323)
	at org.openqa.selenium.remote.RemoteWebDriver.findElementByXPath(RemoteWebDriver.java:428)
	at org.openqa.selenium.By$ByXPath.findElement(By.java:353)
	at org.openqa.selenium.remote.RemoteWebDriver.findElement(RemoteWebDriver.java:315)
	at org.openqa.selenium.support.pagefactory.DefaultElementLocator.findElement(DefaultElementLocator.java:69)
	at org.openqa.selenium.support.pagefactory.internal.LocatingElementHandler.invoke(LocatingElementHandler.java:38)
	at jdk.proxy2/jdk.proxy2.$Proxy27.click(Unknown Source)
	at com.juaracoding.telemarketing.pages.LoginDev.logout(LoginDev.java:79)
	at com.juaracoding.telemarketing.step_definitions.TestReportAct.user_click_profile(TestReportAct.java:85)
	at ✽.User click profile(file:///C:/Users/HP.DESKTOP-IER1J9F/eclipse-workspace/git-telemarketing/src/test/resources/features/12.ReportAct.feature:22)
</pre></div></td>
<td>10</td>
<td>com.juaracoding.telemarketing.step_definitions.TestRunner@384ad17b</td></tr>
<tr>
<td title='com.juaracoding.telemarketing.step_definitions.TestRunner.runScenario()'><b>runScenario</b><br>Test class: com.juaracoding.telemarketing.step_definitions.TestRunner<br>Test method: Runs Cucumber Scenarios<br>Parameters: "Upload data button invalid", "Upload Data Developer"</td>
<td><div><pre>org.openqa.selenium.NoSuchElementException: no such element: Unable to locate element: {&quot;method&quot;:&quot;xpath&quot;,&quot;selector&quot;:&quot;//*[@id=&quot;52044_query&quot;]&quot;}
  (Session info: chrome=105.0.5195.127)
For documentation on this error, please visit: https://www.seleniumhq.org/exceptions/no_such_element.html
Build info: version: &apos;3.141.59&apos;, revision: &apos;e82be7d358&apos;, time: &apos;2018-11-14T08:17:03&apos;
System info: host: &apos;DESKTOP-IER1J9F&apos;, ip: &apos;192.168.100.8&apos;, os.name: &apos;Windows 11&apos;, os.arch: &apos;amd64&apos;, os.version: &apos;10.0&apos;, java.version: &apos;17.0.4&apos;
Driver info: org.openqa.selenium.chrome.ChromeDriver
Capabilities {acceptInsecureCerts: false, browserName: chrome, browserVersion: 105.0.5195.127, chrome: {chromedriverVersion: 104.0.5112.79 (3cf3e8c8a07d..., userDataDir: C:\Users\HP0738~1.DES\AppDa...}, goog:chromeOptions: {debuggerAddress: localhost:52163}, javascriptEnabled: true, networkConnectionEnabled: false, pageLoadStrategy: normal, platform: WINDOWS, platformName: WINDOWS, proxy: Proxy(), setWindowRect: true, strictFileInteractability: false, timeouts: {implicit: 0, pageLoad: 300000, script: 30000}, unhandledPromptBehavior: dismiss and notify, webauthn:extension:credBlob: true, webauthn:extension:largeBlob: true, webauthn:virtualAuthenticators: true}
Session ID: 6a9c8f776b76433f4b7e171e1bf48bd7
*** Element info: {Using=xpath, value=//*[@id=&quot;52044_query&quot;]}
	at java.base/jdk.internal.reflect.NativeConstructorAccessorImpl.newInstance0(Native Method)
	at java.base/jdk.internal.reflect.NativeConstructorAccessorImpl.newInstance(NativeConstructorAccessorImpl.java:77)
	at java.base/jdk.internal.reflect.DelegatingConstructorAccessorImpl.newInstance(DelegatingConstructorAccessorImpl.java:45)
	at java.base/java.lang.reflect.Constructor.newInstanceWithCaller(Constructor.java:499)
	at java.base/java.lang.reflect.Constructor.newInstance(Constructor.java:480)
	at org.openqa.selenium.remote.http.W3CHttpResponseCodec.createException(W3CHttpResponseCodec.java:187)
	at org.openqa.selenium.remote.http.W3CHttpResponseCodec.decode(W3CHttpResponseCodec.java:122)
	at org.openqa.selenium.remote.http.W3CHttpResponseCodec.decode(W3CHttpResponseCodec.java:49)
	at org.openqa.selenium.remote.HttpCommandExecutor.execute(HttpCommandExecutor.java:158)
	at org.openqa.selenium.remote.service.DriverCommandExecutor.execute(DriverCommandExecutor.java:83)
	at org.openqa.selenium.remote.RemoteWebDriver.execute(RemoteWebDriver.java:552)
	at org.openqa.selenium.remote.RemoteWebDriver.findElement(RemoteWebDriver.java:323)
	at org.openqa.selenium.remote.RemoteWebDriver.findElementByXPath(RemoteWebDriver.java:428)
	at org.openqa.selenium.By$ByXPath.findElement(By.java:353)
	at org.openqa.selenium.remote.RemoteWebDriver.findElement(RemoteWebDriver.java:315)
	at org.openqa.selenium.support.pagefactory.DefaultElementLocator.findElement(DefaultElementLocator.java:69)
	at org.openqa.selenium.support.pagefactory.internal.LocatingElementHandler.invoke(LocatingElementHandler.java:38)
	at jdk.proxy2/jdk.proxy2.$Proxy27.click(Unknown Source)
	at com.juaracoding.telemarketing.pages.UploadData.btnUploadFile(UploadData.java:65)
	at com.juaracoding.telemarketing.step_definitions.TestUploadData.user_click_button_upload_invalid(TestUploadData.java:50)
	at ✽.User click button upload invalid(file:///C:/Users/HP.DESKTOP-IER1J9F/eclipse-workspace/git-telemarketing/src/test/resources/features/02.%20UploadData.feature:11)
</pre></div><a href='#' onClick='toggleBox("stack-trace147623131", this, "Click to show all stack frames", "Click to hide stack frames")'>Click to show all stack frames</a>
<div class='stack-trace' id='stack-trace147623131'><pre>org.openqa.selenium.NoSuchElementException: no such element: Unable to locate element: {&quot;method&quot;:&quot;xpath&quot;,&quot;selector&quot;:&quot;//*[@id=&quot;52044_query&quot;]&quot;}
  (Session info: chrome=105.0.5195.127)
For documentation on this error, please visit: https://www.seleniumhq.org/exceptions/no_such_element.html
Build info: version: &apos;3.141.59&apos;, revision: &apos;e82be7d358&apos;, time: &apos;2018-11-14T08:17:03&apos;
System info: host: &apos;DESKTOP-IER1J9F&apos;, ip: &apos;192.168.100.8&apos;, os.name: &apos;Windows 11&apos;, os.arch: &apos;amd64&apos;, os.version: &apos;10.0&apos;, java.version: &apos;17.0.4&apos;
Driver info: org.openqa.selenium.chrome.ChromeDriver
Capabilities {acceptInsecureCerts: false, browserName: chrome, browserVersion: 105.0.5195.127, chrome: {chromedriverVersion: 104.0.5112.79 (3cf3e8c8a07d..., userDataDir: C:\Users\HP0738~1.DES\AppDa...}, goog:chromeOptions: {debuggerAddress: localhost:52163}, javascriptEnabled: true, networkConnectionEnabled: false, pageLoadStrategy: normal, platform: WINDOWS, platformName: WINDOWS, proxy: Proxy(), setWindowRect: true, strictFileInteractability: false, timeouts: {implicit: 0, pageLoad: 300000, script: 30000}, unhandledPromptBehavior: dismiss and notify, webauthn:extension:credBlob: true, webauthn:extension:largeBlob: true, webauthn:virtualAuthenticators: true}
Session ID: 6a9c8f776b76433f4b7e171e1bf48bd7
*** Element info: {Using=xpath, value=//*[@id=&quot;52044_query&quot;]}
	at java.base/jdk.internal.reflect.NativeConstructorAccessorImpl.newInstance0(Native Method)
	at java.base/jdk.internal.reflect.NativeConstructorAccessorImpl.newInstance(NativeConstructorAccessorImpl.java:77)
	at java.base/jdk.internal.reflect.DelegatingConstructorAccessorImpl.newInstance(DelegatingConstructorAccessorImpl.java:45)
	at java.base/java.lang.reflect.Constructor.newInstanceWithCaller(Constructor.java:499)
	at java.base/java.lang.reflect.Constructor.newInstance(Constructor.java:480)
	at org.openqa.selenium.remote.http.W3CHttpResponseCodec.createException(W3CHttpResponseCodec.java:187)
	at org.openqa.selenium.remote.http.W3CHttpResponseCodec.decode(W3CHttpResponseCodec.java:122)
	at org.openqa.selenium.remote.http.W3CHttpResponseCodec.decode(W3CHttpResponseCodec.java:49)
	at org.openqa.selenium.remote.HttpCommandExecutor.execute(HttpCommandExecutor.java:158)
	at org.openqa.selenium.remote.service.DriverCommandExecutor.execute(DriverCommandExecutor.java:83)
	at org.openqa.selenium.remote.RemoteWebDriver.execute(RemoteWebDriver.java:552)
	at org.openqa.selenium.remote.RemoteWebDriver.findElement(RemoteWebDriver.java:323)
	at org.openqa.selenium.remote.RemoteWebDriver.findElementByXPath(RemoteWebDriver.java:428)
	at org.openqa.selenium.By$ByXPath.findElement(By.java:353)
	at org.openqa.selenium.remote.RemoteWebDriver.findElement(RemoteWebDriver.java:315)
	at org.openqa.selenium.support.pagefactory.DefaultElementLocator.findElement(DefaultElementLocator.java:69)
	at org.openqa.selenium.support.pagefactory.internal.LocatingElementHandler.invoke(LocatingElementHandler.java:38)
	at jdk.proxy2/jdk.proxy2.$Proxy27.click(Unknown Source)
	at com.juaracoding.telemarketing.pages.UploadData.btnUploadFile(UploadData.java:65)
	at com.juaracoding.telemarketing.step_definitions.TestUploadData.user_click_button_upload_invalid(TestUploadData.java:50)
	at ✽.User click button upload invalid(file:///C:/Users/HP.DESKTOP-IER1J9F/eclipse-workspace/git-telemarketing/src/test/resources/features/02.%20UploadData.feature:11)
</pre></div></td>
<td>12</td>
<td>com.juaracoding.telemarketing.step_definitions.TestRunner@384ad17b</td></tr>
<tr>
<td title='com.juaracoding.telemarketing.step_definitions.TestRunner.runScenario()'><b>runScenario</b><br>Test class: com.juaracoding.telemarketing.step_definitions.TestRunner<br>Test method: Runs Cucumber Scenarios<br>Parameters: "URL Invalid", "Login Developer"</td>
<td><div><pre>java.lang.AssertionError: expected [https://sqa.peluangkerjaku.com/tele/] but found [https://google.com/]
	at org.testng.Assert.fail(Assert.java:99)
	at org.testng.Assert.failNotEquals(Assert.java:1037)
	at org.testng.Assert.assertEqualsImpl(Assert.java:140)
	at org.testng.Assert.assertEquals(Assert.java:122)
	at org.testng.Assert.assertEquals(Assert.java:629)
	at org.testng.Assert.assertEquals(Assert.java:639)
	at com.juaracoding.telemarketing.step_definitions.TestLogin.user_go_to_invalid_web_telemarketing(TestLogin.java:34)
	at ✽.User go to invalid Web Telemarketing(file:///C:/Users/HP.DESKTOP-IER1J9F/eclipse-workspace/git-telemarketing/src/test/resources/features/01.LoginDev.feature:4)
</pre></div><a href='#' onClick='toggleBox("stack-trace1040172900", this, "Click to show all stack frames", "Click to hide stack frames")'>Click to show all stack frames</a>
<div class='stack-trace' id='stack-trace1040172900'><pre>java.lang.AssertionError: expected [https://sqa.peluangkerjaku.com/tele/] but found [https://google.com/]
	at org.testng.Assert.fail(Assert.java:99)
	at org.testng.Assert.failNotEquals(Assert.java:1037)
	at org.testng.Assert.assertEqualsImpl(Assert.java:140)
	at org.testng.Assert.assertEquals(Assert.java:122)
	at org.testng.Assert.assertEquals(Assert.java:629)
	at org.testng.Assert.assertEquals(Assert.java:639)
	at com.juaracoding.telemarketing.step_definitions.TestLogin.user_go_to_invalid_web_telemarketing(TestLogin.java:34)
	at ✽.User go to invalid Web Telemarketing(file:///C:/Users/HP.DESKTOP-IER1J9F/eclipse-workspace/git-telemarketing/src/test/resources/features/01.LoginDev.feature:4)
</pre></div></td>
<td>2</td>
<td>com.juaracoding.telemarketing.step_definitions.TestRunner@384ad17b</td></tr>
<tr>
<td title='com.juaracoding.telemarketing.step_definitions.TestRunner.runScenario()'><b>runScenario</b><br>Test class: com.juaracoding.telemarketing.step_definitions.TestRunner<br>Test method: Runs Cucumber Scenarios<br>Parameters: "Input valid login uppercase", "Login Developer"</td>
<td><div><pre>org.openqa.selenium.NoSuchElementException: no such element: Unable to locate element: {&quot;method&quot;:&quot;xpath&quot;,&quot;selector&quot;:&quot;//*[@id=&quot;tl_login-1-51550_text&quot;]&quot;}
  (Session info: chrome=105.0.5195.127)
For documentation on this error, please visit: https://www.seleniumhq.org/exceptions/no_such_element.html
Build info: version: &apos;3.141.59&apos;, revision: &apos;e82be7d358&apos;, time: &apos;2018-11-14T08:17:03&apos;
System info: host: &apos;DESKTOP-IER1J9F&apos;, ip: &apos;192.168.100.8&apos;, os.name: &apos;Windows 11&apos;, os.arch: &apos;amd64&apos;, os.version: &apos;10.0&apos;, java.version: &apos;17.0.4&apos;
Driver info: org.openqa.selenium.chrome.ChromeDriver
Capabilities {acceptInsecureCerts: false, browserName: chrome, browserVersion: 105.0.5195.127, chrome: {chromedriverVersion: 104.0.5112.79 (3cf3e8c8a07d..., userDataDir: C:\Users\HP0738~1.DES\AppDa...}, goog:chromeOptions: {debuggerAddress: localhost:52163}, javascriptEnabled: true, networkConnectionEnabled: false, pageLoadStrategy: normal, platform: WINDOWS, platformName: WINDOWS, proxy: Proxy(), setWindowRect: true, strictFileInteractability: false, timeouts: {implicit: 0, pageLoad: 300000, script: 30000}, unhandledPromptBehavior: dismiss and notify, webauthn:extension:credBlob: true, webauthn:extension:largeBlob: true, webauthn:virtualAuthenticators: true}
Session ID: 6a9c8f776b76433f4b7e171e1bf48bd7
*** Element info: {Using=xpath, value=//*[@id=&quot;tl_login-1-51550_text&quot;]}
	at java.base/jdk.internal.reflect.NativeConstructorAccessorImpl.newInstance0(Native Method)
	at java.base/jdk.internal.reflect.NativeConstructorAccessorImpl.newInstance(NativeConstructorAccessorImpl.java:77)
	at java.base/jdk.internal.reflect.DelegatingConstructorAccessorImpl.newInstance(DelegatingConstructorAccessorImpl.java:45)
	at java.base/java.lang.reflect.Constructor.newInstanceWithCaller(Constructor.java:499)
	at java.base/java.lang.reflect.Constructor.newInstance(Constructor.java:480)
	at org.openqa.selenium.remote.http.W3CHttpResponseCodec.createException(W3CHttpResponseCodec.java:187)
	at org.openqa.selenium.remote.http.W3CHttpResponseCodec.decode(W3CHttpResponseCodec.java:122)
	at org.openqa.selenium.remote.http.W3CHttpResponseCodec.decode(W3CHttpResponseCodec.java:49)
	at org.openqa.selenium.remote.HttpCommandExecutor.execute(HttpCommandExecutor.java:158)
	at org.openqa.selenium.remote.service.DriverCommandExecutor.execute(DriverCommandExecutor.java:83)
	at org.openqa.selenium.remote.RemoteWebDriver.execute(RemoteWebDriver.java:552)
	at org.openqa.selenium.remote.RemoteWebDriver.findElement(RemoteWebDriver.java:323)
	at org.openqa.selenium.remote.RemoteWebDriver.findElementByXPath(RemoteWebDriver.java:428)
	at org.openqa.selenium.By$ByXPath.findElement(By.java:353)
	at org.openqa.selenium.remote.RemoteWebDriver.findElement(RemoteWebDriver.java:315)
	at org.openqa.selenium.support.pagefactory.DefaultElementLocator.findElement(DefaultElementLocator.java:69)
	at org.openqa.selenium.support.pagefactory.internal.LocatingElementHandler.invoke(LocatingElementHandler.java:38)
	at jdk.proxy2/jdk.proxy2.$Proxy27.sendKeys(Unknown Source)
	at com.juaracoding.telemarketing.pages.LoginDev.deleteLogin(LoginDev.java:66)
	at com.juaracoding.telemarketing.step_definitions.TestLogin.user_enter_username_and_password_valid_login_uppercase(TestLogin.java:81)
	at ✽.User enter username and password valid login uppercase(file:///C:/Users/HP.DESKTOP-IER1J9F/eclipse-workspace/git-telemarketing/src/test/resources/features/01.LoginDev.feature:35)
</pre></div><a href='#' onClick='toggleBox("stack-trace430119837", this, "Click to show all stack frames", "Click to hide stack frames")'>Click to show all stack frames</a>
<div class='stack-trace' id='stack-trace430119837'><pre>org.openqa.selenium.NoSuchElementException: no such element: Unable to locate element: {&quot;method&quot;:&quot;xpath&quot;,&quot;selector&quot;:&quot;//*[@id=&quot;tl_login-1-51550_text&quot;]&quot;}
  (Session info: chrome=105.0.5195.127)
For documentation on this error, please visit: https://www.seleniumhq.org/exceptions/no_such_element.html
Build info: version: &apos;3.141.59&apos;, revision: &apos;e82be7d358&apos;, time: &apos;2018-11-14T08:17:03&apos;
System info: host: &apos;DESKTOP-IER1J9F&apos;, ip: &apos;192.168.100.8&apos;, os.name: &apos;Windows 11&apos;, os.arch: &apos;amd64&apos;, os.version: &apos;10.0&apos;, java.version: &apos;17.0.4&apos;
Driver info: org.openqa.selenium.chrome.ChromeDriver
Capabilities {acceptInsecureCerts: false, browserName: chrome, browserVersion: 105.0.5195.127, chrome: {chromedriverVersion: 104.0.5112.79 (3cf3e8c8a07d..., userDataDir: C:\Users\HP0738~1.DES\AppDa...}, goog:chromeOptions: {debuggerAddress: localhost:52163}, javascriptEnabled: true, networkConnectionEnabled: false, pageLoadStrategy: normal, platform: WINDOWS, platformName: WINDOWS, proxy: Proxy(), setWindowRect: true, strictFileInteractability: false, timeouts: {implicit: 0, pageLoad: 300000, script: 30000}, unhandledPromptBehavior: dismiss and notify, webauthn:extension:credBlob: true, webauthn:extension:largeBlob: true, webauthn:virtualAuthenticators: true}
Session ID: 6a9c8f776b76433f4b7e171e1bf48bd7
*** Element info: {Using=xpath, value=//*[@id=&quot;tl_login-1-51550_text&quot;]}
	at java.base/jdk.internal.reflect.NativeConstructorAccessorImpl.newInstance0(Native Method)
	at java.base/jdk.internal.reflect.NativeConstructorAccessorImpl.newInstance(NativeConstructorAccessorImpl.java:77)
	at java.base/jdk.internal.reflect.DelegatingConstructorAccessorImpl.newInstance(DelegatingConstructorAccessorImpl.java:45)
	at java.base/java.lang.reflect.Constructor.newInstanceWithCaller(Constructor.java:499)
	at java.base/java.lang.reflect.Constructor.newInstance(Constructor.java:480)
	at org.openqa.selenium.remote.http.W3CHttpResponseCodec.createException(W3CHttpResponseCodec.java:187)
	at org.openqa.selenium.remote.http.W3CHttpResponseCodec.decode(W3CHttpResponseCodec.java:122)
	at org.openqa.selenium.remote.http.W3CHttpResponseCodec.decode(W3CHttpResponseCodec.java:49)
	at org.openqa.selenium.remote.HttpCommandExecutor.execute(HttpCommandExecutor.java:158)
	at org.openqa.selenium.remote.service.DriverCommandExecutor.execute(DriverCommandExecutor.java:83)
	at org.openqa.selenium.remote.RemoteWebDriver.execute(RemoteWebDriver.java:552)
	at org.openqa.selenium.remote.RemoteWebDriver.findElement(RemoteWebDriver.java:323)
	at org.openqa.selenium.remote.RemoteWebDriver.findElementByXPath(RemoteWebDriver.java:428)
	at org.openqa.selenium.By$ByXPath.findElement(By.java:353)
	at org.openqa.selenium.remote.RemoteWebDriver.findElement(RemoteWebDriver.java:315)
	at org.openqa.selenium.support.pagefactory.DefaultElementLocator.findElement(DefaultElementLocator.java:69)
	at org.openqa.selenium.support.pagefactory.internal.LocatingElementHandler.invoke(LocatingElementHandler.java:38)
	at jdk.proxy2/jdk.proxy2.$Proxy27.sendKeys(Unknown Source)
	at com.juaracoding.telemarketing.pages.LoginDev.deleteLogin(LoginDev.java:66)
	at com.juaracoding.telemarketing.step_definitions.TestLogin.user_enter_username_and_password_valid_login_uppercase(TestLogin.java:81)
	at ✽.User enter username and password valid login uppercase(file:///C:/Users/HP.DESKTOP-IER1J9F/eclipse-workspace/git-telemarketing/src/test/resources/features/01.LoginDev.feature:35)
</pre></div></td>
<td>10</td>
<td>com.juaracoding.telemarketing.step_definitions.TestRunner@384ad17b</td></tr>
</table><p>
<table width='100%' border='1' class='invocation-passed'>
<tr><td colspan='4' align='center'><b>PASSED TESTS</b></td></tr>
<tr><td><b>Test method</b></td>
<td width="30%"><b>Exception</b></td>
<td width="10%"><b>Time (seconds)</b></td>
<td><b>Instance</b></td>
</tr>
<tr>
<td title='com.juaracoding.telemarketing.step_definitions.TestRunner.runScenario()'><b>runScenario</b><br>Test class: com.juaracoding.telemarketing.step_definitions.TestRunner<br>Test method: Runs Cucumber Scenarios<br>Parameters: "Status Tidak Berhasil Null", "Distribute Data"</td>
<td></td>
<td>2</td>
<td>com.juaracoding.telemarketing.step_definitions.TestRunner@384ad17b</td></tr>
<tr>
<td title='com.juaracoding.telemarketing.step_definitions.TestRunner.runScenario()'><b>runScenario</b><br>Test class: com.juaracoding.telemarketing.step_definitions.TestRunner<br>Test method: Runs Cucumber Scenarios<br>Parameters: "Dashboard Report", "Report Agree"</td>
<td></td>
<td>4</td>
<td>com.juaracoding.telemarketing.step_definitions.TestRunner@384ad17b</td></tr>
<tr>
<td title='com.juaracoding.telemarketing.step_definitions.TestRunner.runScenario()'><b>runScenario</b><br>Test class: com.juaracoding.telemarketing.step_definitions.TestRunner<br>Test method: Runs Cucumber Scenarios<br>Parameters: "Add user agent", "User Management"</td>
<td></td>
<td>7</td>
<td>com.juaracoding.telemarketing.step_definitions.TestRunner@384ad17b</td></tr>
<tr>
<td title='com.juaracoding.telemarketing.step_definitions.TestRunner.runScenario()'><b>runScenario</b><br>Test class: com.juaracoding.telemarketing.step_definitions.TestRunner<br>Test method: Runs Cucumber Scenarios<br>Parameters: "Choose date agree invalid", "Report Agree"</td>
<td></td>
<td>5</td>
<td>com.juaracoding.telemarketing.step_definitions.TestRunner@384ad17b</td></tr>
<tr>
<td title='com.juaracoding.telemarketing.step_definitions.TestRunner.runScenario()'><b>runScenario</b><br>Test class: com.juaracoding.telemarketing.step_definitions.TestRunner<br>Test method: Runs Cucumber Scenarios<br>Parameters: "User pindah halaman", "Task Final Dev"</td>
<td></td>
<td>8</td>
<td>com.juaracoding.telemarketing.step_definitions.TestRunner@384ad17b</td></tr>
<tr>
<td title='com.juaracoding.telemarketing.step_definitions.TestRunner.runScenario()'><b>runScenario</b><br>Test class: com.juaracoding.telemarketing.step_definitions.TestRunner<br>Test method: Runs Cucumber Scenarios<br>Parameters: "Choose date agree valid", "Report Agree"</td>
<td></td>
<td>10</td>
<td>com.juaracoding.telemarketing.step_definitions.TestRunner@384ad17b</td></tr>
<tr>
<td title='com.juaracoding.telemarketing.step_definitions.TestRunner.runScenario()'><b>runScenario</b><br>Test class: com.juaracoding.telemarketing.step_definitions.TestRunner<br>Test method: Runs Cucumber Scenarios<br>Parameters: "Status Tolak Null", "Distribute Data"</td>
<td></td>
<td>2</td>
<td>com.juaracoding.telemarketing.step_definitions.TestRunner@384ad17b</td></tr>
<tr>
<td title='com.juaracoding.telemarketing.step_definitions.TestRunner.runScenario()'><b>runScenario</b><br>Test class: com.juaracoding.telemarketing.step_definitions.TestRunner<br>Test method: Runs Cucumber Scenarios<br>Parameters: "Dashboard data", "Distribute Data"</td>
<td></td>
<td>0</td>
<td>com.juaracoding.telemarketing.step_definitions.TestRunner@384ad17b</td></tr>
<tr>
<td title='com.juaracoding.telemarketing.step_definitions.TestRunner.runScenario()'><b>runScenario</b><br>Test class: com.juaracoding.telemarketing.step_definitions.TestRunner<br>Test method: Runs Cucumber Scenarios<br>Parameters: "Input username password null", "Login Developer"</td>
<td></td>
<td>4</td>
<td>com.juaracoding.telemarketing.step_definitions.TestRunner@384ad17b</td></tr>
<tr>
<td title='com.juaracoding.telemarketing.step_definitions.TestRunner.runScenario()'><b>runScenario</b><br>Test class: com.juaracoding.telemarketing.step_definitions.TestRunner<br>Test method: Runs Cucumber Scenarios<br>Parameters: "Export agree", "Report Agree"</td>
<td></td>
<td>2</td>
<td>com.juaracoding.telemarketing.step_definitions.TestRunner@384ad17b</td></tr>
<tr>
<td title='com.juaracoding.telemarketing.step_definitions.TestRunner.runScenario()'><b>runScenario</b><br>Test class: com.juaracoding.telemarketing.step_definitions.TestRunner<br>Test method: Runs Cucumber Scenarios<br>Parameters: "Search user", "User Management"</td>
<td></td>
<td>5</td>
<td>com.juaracoding.telemarketing.step_definitions.TestRunner@384ad17b</td></tr>
<tr>
<td title='com.juaracoding.telemarketing.step_definitions.TestRunner.runScenario()'><b>runScenario</b><br>Test class: com.juaracoding.telemarketing.step_definitions.TestRunner<br>Test method: Runs Cucumber Scenarios<br>Parameters: "Search data agree", "Task Agree Dev"</td>
<td></td>
<td>4</td>
<td>com.juaracoding.telemarketing.step_definitions.TestRunner@384ad17b</td></tr>
<tr>
<td title='com.juaracoding.telemarketing.step_definitions.TestRunner.runScenario()'><b>runScenario</b><br>Test class: com.juaracoding.telemarketing.step_definitions.TestRunner<br>Test method: Runs Cucumber Scenarios<br>Parameters: "Show page data", "Edit Data"</td>
<td></td>
<td>6</td>
<td>com.juaracoding.telemarketing.step_definitions.TestRunner@384ad17b</td></tr>
<tr>
<td title='com.juaracoding.telemarketing.step_definitions.TestRunner.runScenario()'><b>runScenario</b><br>Test class: com.juaracoding.telemarketing.step_definitions.TestRunner<br>Test method: Runs Cucumber Scenarios<br>Parameters: "Status New Null", "Distribute Data"</td>
<td></td>
<td>1</td>
<td>com.juaracoding.telemarketing.step_definitions.TestRunner@384ad17b</td></tr>
<tr>
<td title='com.juaracoding.telemarketing.step_definitions.TestRunner.runScenario()'><b>runScenario</b><br>Test class: com.juaracoding.telemarketing.step_definitions.TestRunner<br>Test method: Runs Cucumber Scenarios<br>Parameters: "Choose date", "Report Activity"</td>
<td></td>
<td>7</td>
<td>com.juaracoding.telemarketing.step_definitions.TestRunner@384ad17b</td></tr>
<tr>
<td title='com.juaracoding.telemarketing.step_definitions.TestRunner.runScenario()'><b>runScenario</b><br>Test class: com.juaracoding.telemarketing.step_definitions.TestRunner<br>Test method: Runs Cucumber Scenarios<br>Parameters: "Status Setuju Null", "Distribute Data"</td>
<td></td>
<td>2</td>
<td>com.juaracoding.telemarketing.step_definitions.TestRunner@384ad17b</td></tr>
<tr>
<td title='com.juaracoding.telemarketing.step_definitions.TestRunner.runScenario()'><b>runScenario</b><br>Test class: com.juaracoding.telemarketing.step_definitions.TestRunner<br>Test method: Runs Cucumber Scenarios<br>Parameters: "Export activity", "Report Activity"</td>
<td></td>
<td>2</td>
<td>com.juaracoding.telemarketing.step_definitions.TestRunner@384ad17b</td></tr>
<tr>
<td title='com.juaracoding.telemarketing.step_definitions.TestRunner.runScenario()'><b>runScenario</b><br>Test class: com.juaracoding.telemarketing.step_definitions.TestRunner<br>Test method: Runs Cucumber Scenarios<br>Parameters: "Status New Agent", "Distribute Data"</td>
<td></td>
<td>3</td>
<td>com.juaracoding.telemarketing.step_definitions.TestRunner@384ad17b</td></tr>
<tr>
<td title='com.juaracoding.telemarketing.step_definitions.TestRunner.runScenario()'><b>runScenario</b><br>Test class: com.juaracoding.telemarketing.step_definitions.TestRunner<br>Test method: Runs Cucumber Scenarios<br>Parameters: "Reject Phone", "Approve Phone"</td>
<td></td>
<td>5</td>
<td>com.juaracoding.telemarketing.step_definitions.TestRunner@384ad17b</td></tr>
<tr>
<td title='com.juaracoding.telemarketing.step_definitions.TestRunner.runScenario()'><b>runScenario</b><br>Test class: com.juaracoding.telemarketing.step_definitions.TestRunner<br>Test method: Runs Cucumber Scenarios<br>Parameters: "Reset Password", "User Management"</td>
<td></td>
<td>4</td>
<td>com.juaracoding.telemarketing.step_definitions.TestRunner@384ad17b</td></tr>
<tr>
<td title='com.juaracoding.telemarketing.step_definitions.TestRunner.runScenario()'><b>runScenario</b><br>Test class: com.juaracoding.telemarketing.step_definitions.TestRunner<br>Test method: Runs Cucumber Scenarios<br>Parameters: "Dashboard Task", "Task Final Dev"</td>
<td></td>
<td>2</td>
<td>com.juaracoding.telemarketing.step_definitions.TestRunner@384ad17b</td></tr>
<tr>
<td title='com.juaracoding.telemarketing.step_definitions.TestRunner.runScenario()'><b>runScenario</b><br>Test class: com.juaracoding.telemarketing.step_definitions.TestRunner<br>Test method: Runs Cucumber Scenarios<br>Parameters: "Dashboard Task", "Task Agree Dev"</td>
<td></td>
<td>4</td>
<td>com.juaracoding.telemarketing.step_definitions.TestRunner@384ad17b</td></tr>
<tr>
<td title='com.juaracoding.telemarketing.step_definitions.TestRunner.runScenario()'><b>runScenario</b><br>Test class: com.juaracoding.telemarketing.step_definitions.TestRunner<br>Test method: Runs Cucumber Scenarios<br>Parameters: "Dashboard user management", "Approve Phone"</td>
<td></td>
<td>0</td>
<td>com.juaracoding.telemarketing.step_definitions.TestRunner@384ad17b</td></tr>
<tr>
<td title='com.juaracoding.telemarketing.step_definitions.TestRunner.runScenario()'><b>runScenario</b><br>Test class: com.juaracoding.telemarketing.step_definitions.TestRunner<br>Test method: Runs Cucumber Scenarios<br>Parameters: "Update data", "Edit Data"</td>
<td></td>
<td>5</td>
<td>com.juaracoding.telemarketing.step_definitions.TestRunner@384ad17b</td></tr>
<tr>
<td title='com.juaracoding.telemarketing.step_definitions.TestRunner.runScenario()'><b>runScenario</b><br>Test class: com.juaracoding.telemarketing.step_definitions.TestRunner<br>Test method: Runs Cucumber Scenarios<br>Parameters: "Dashboard user management", "User Management"</td>
<td></td>
<td>0</td>
<td>com.juaracoding.telemarketing.step_definitions.TestRunner@384ad17b</td></tr>
<tr>
<td title='com.juaracoding.telemarketing.step_definitions.TestRunner.runScenario()'><b>runScenario</b><br>Test class: com.juaracoding.telemarketing.step_definitions.TestRunner<br>Test method: Runs Cucumber Scenarios<br>Parameters: "Update Password", "User Management"</td>
<td></td>
<td>6</td>
<td>com.juaracoding.telemarketing.step_definitions.TestRunner@384ad17b</td></tr>
<tr>
<td title='com.juaracoding.telemarketing.step_definitions.TestRunner.runScenario()'><b>runScenario</b><br>Test class: com.juaracoding.telemarketing.step_definitions.TestRunner<br>Test method: Runs Cucumber Scenarios<br>Parameters: "Add user admin", "User Management"</td>
<td></td>
<td>6</td>
<td>com.juaracoding.telemarketing.step_definitions.TestRunner@384ad17b</td></tr>
<tr>
<td title='com.juaracoding.telemarketing.step_definitions.TestRunner.runScenario()'><b>runScenario</b><br>Test class: com.juaracoding.telemarketing.step_definitions.TestRunner<br>Test method: Runs Cucumber Scenarios<br>Parameters: "Input username password invalid", "Login Developer"</td>
<td></td>
<td>4</td>
<td>com.juaracoding.telemarketing.step_definitions.TestRunner@384ad17b</td></tr>
<tr>
<td title='com.juaracoding.telemarketing.step_definitions.TestRunner.runScenario()'><b>runScenario</b><br>Test class: com.juaracoding.telemarketing.step_definitions.TestRunner<br>Test method: Runs Cucumber Scenarios<br>Parameters: "Update status activity", "Edit Data"</td>
<td></td>
<td>1</td>
<td>com.juaracoding.telemarketing.step_definitions.TestRunner@384ad17b</td></tr>
<tr>
<td title='com.juaracoding.telemarketing.step_definitions.TestRunner.runScenario()'><b>runScenario</b><br>Test class: com.juaracoding.telemarketing.step_definitions.TestRunner<br>Test method: Runs Cucumber Scenarios<br>Parameters: "Distribusi form developer input", "Distribute Data"</td>
<td></td>
<td>2</td>
<td>com.juaracoding.telemarketing.step_definitions.TestRunner@384ad17b</td></tr>
<tr>
<td title='com.juaracoding.telemarketing.step_definitions.TestRunner.runScenario()'><b>runScenario</b><br>Test class: com.juaracoding.telemarketing.step_definitions.TestRunner<br>Test method: Runs Cucumber Scenarios<br>Parameters: "Choose agent", "Report Activity"</td>
<td></td>
<td>6</td>
<td>com.juaracoding.telemarketing.step_definitions.TestRunner@384ad17b</td></tr>
<tr>
<td title='com.juaracoding.telemarketing.step_definitions.TestRunner.runScenario()'><b>runScenario</b><br>Test class: com.juaracoding.telemarketing.step_definitions.TestRunner<br>Test method: Runs Cucumber Scenarios<br>Parameters: "table click", "Edit Data"</td>
<td></td>
<td>2</td>
<td>com.juaracoding.telemarketing.step_definitions.TestRunner@384ad17b</td></tr>
<tr>
<td title='com.juaracoding.telemarketing.step_definitions.TestRunner.runScenario()'><b>runScenario</b><br>Test class: com.juaracoding.telemarketing.step_definitions.TestRunner<br>Test method: Runs Cucumber Scenarios<br>Parameters: "Add user null", "User Management"</td>
<td></td>
<td>6</td>
<td>com.juaracoding.telemarketing.step_definitions.TestRunner@384ad17b</td></tr>
<tr>
<td title='com.juaracoding.telemarketing.step_definitions.TestRunner.runScenario()'><b>runScenario</b><br>Test class: com.juaracoding.telemarketing.step_definitions.TestRunner<br>Test method: Runs Cucumber Scenarios<br>Parameters: "search name user", "Approve Phone"</td>
<td></td>
<td>0</td>
<td>com.juaracoding.telemarketing.step_definitions.TestRunner@384ad17b</td></tr>
<tr>
<td title='com.juaracoding.telemarketing.step_definitions.TestRunner.runScenario()'><b>runScenario</b><br>Test class: com.juaracoding.telemarketing.step_definitions.TestRunner<br>Test method: Runs Cucumber Scenarios<br>Parameters: "Search user", "Edit Data"</td>
<td></td>
<td>3</td>
<td>com.juaracoding.telemarketing.step_definitions.TestRunner@384ad17b</td></tr>
<tr>
<td title='com.juaracoding.telemarketing.step_definitions.TestRunner.runScenario()'><b>runScenario</b><br>Test class: com.juaracoding.telemarketing.step_definitions.TestRunner<br>Test method: Runs Cucumber Scenarios<br>Parameters: "Dashboard Data", "Edit Data"</td>
<td></td>
<td>0</td>
<td>com.juaracoding.telemarketing.step_definitions.TestRunner@384ad17b</td></tr>
<tr>
<td title='com.juaracoding.telemarketing.step_definitions.TestRunner.runScenario()'><b>runScenario</b><br>Test class: com.juaracoding.telemarketing.step_definitions.TestRunner<br>Test method: Runs Cucumber Scenarios<br>Parameters: "User task show page final", "Task Final Dev"</td>
<td></td>
<td>6</td>
<td>com.juaracoding.telemarketing.step_definitions.TestRunner@384ad17b</td></tr>
<tr>
<td title='com.juaracoding.telemarketing.step_definitions.TestRunner.runScenario()'><b>runScenario</b><br>Test class: com.juaracoding.telemarketing.step_definitions.TestRunner<br>Test method: Runs Cucumber Scenarios<br>Parameters: "URL valid", "Login Developer"</td>
<td></td>
<td>0</td>
<td>com.juaracoding.telemarketing.step_definitions.TestRunner@384ad17b</td></tr>
<tr>
<td title='com.juaracoding.telemarketing.step_definitions.TestRunner.runScenario()'><b>runScenario</b><br>Test class: com.juaracoding.telemarketing.step_definitions.TestRunner<br>Test method: Runs Cucumber Scenarios<br>Parameters: "User search nama final", "Task Final Dev"</td>
<td></td>
<td>7</td>
<td>com.juaracoding.telemarketing.step_definitions.TestRunner@384ad17b</td></tr>
<tr>
<td title='com.juaracoding.telemarketing.step_definitions.TestRunner.runScenario()'><b>runScenario</b><br>Test class: com.juaracoding.telemarketing.step_definitions.TestRunner<br>Test method: Runs Cucumber Scenarios<br>Parameters: "Pindah halaman agree", "Report Agree"</td>
<td></td>
<td>8</td>
<td>com.juaracoding.telemarketing.step_definitions.TestRunner@384ad17b</td></tr>
<tr>
<td title='com.juaracoding.telemarketing.step_definitions.TestRunner.runScenario()'><b>runScenario</b><br>Test class: com.juaracoding.telemarketing.step_definitions.TestRunner<br>Test method: Runs Cucumber Scenarios<br>Parameters: "Approve Phone", "Approve Phone"</td>
<td></td>
<td>5</td>
<td>com.juaracoding.telemarketing.step_definitions.TestRunner@384ad17b</td></tr>
<tr>
<td title='com.juaracoding.telemarketing.step_definitions.TestRunner.runScenario()'><b>runScenario</b><br>Test class: com.juaracoding.telemarketing.step_definitions.TestRunner<br>Test method: Runs Cucumber Scenarios<br>Parameters: "Status Salah Sambung Null", "Distribute Data"</td>
<td></td>
<td>2</td>
<td>com.juaracoding.telemarketing.step_definitions.TestRunner@384ad17b</td></tr>
<tr>
<td title='com.juaracoding.telemarketing.step_definitions.TestRunner.runScenario()'><b>runScenario</b><br>Test class: com.juaracoding.telemarketing.step_definitions.TestRunner<br>Test method: Runs Cucumber Scenarios<br>Parameters: "show page", "Approve Phone"</td>
<td></td>
<td>2</td>
<td>com.juaracoding.telemarketing.step_definitions.TestRunner@384ad17b</td></tr>
<tr>
<td title='com.juaracoding.telemarketing.step_definitions.TestRunner.runScenario()'><b>runScenario</b><br>Test class: com.juaracoding.telemarketing.step_definitions.TestRunner<br>Test method: Runs Cucumber Scenarios<br>Parameters: "Status Berhasil Null", "Distribute Data"</td>
<td></td>
<td>2</td>
<td>com.juaracoding.telemarketing.step_definitions.TestRunner@384ad17b</td></tr>
<tr>
<td title='com.juaracoding.telemarketing.step_definitions.TestRunner.runScenario()'><b>runScenario</b><br>Test class: com.juaracoding.telemarketing.step_definitions.TestRunner<br>Test method: Runs Cucumber Scenarios<br>Parameters: "Dashboard Report", "Report Activity"</td>
<td></td>
<td>2</td>
<td>com.juaracoding.telemarketing.step_definitions.TestRunner@384ad17b</td></tr>
<tr>
<td title='com.juaracoding.telemarketing.step_definitions.TestRunner.runScenario()'><b>runScenario</b><br>Test class: com.juaracoding.telemarketing.step_definitions.TestRunner<br>Test method: Runs Cucumber Scenarios<br>Parameters: "Show page activity", "Report Activity"</td>
<td></td>
<td>6</td>
<td>com.juaracoding.telemarketing.step_definitions.TestRunner@384ad17b</td></tr>
<tr>
<td title='com.juaracoding.telemarketing.step_definitions.TestRunner.runScenario()'><b>runScenario</b><br>Test class: com.juaracoding.telemarketing.step_definitions.TestRunner<br>Test method: Runs Cucumber Scenarios<br>Parameters: "Update form", "User Management"</td>
<td></td>
<td>17</td>
<td>com.juaracoding.telemarketing.step_definitions.TestRunner@384ad17b</td></tr>
<tr>
<td title='com.juaracoding.telemarketing.step_definitions.TestRunner.runScenario()'><b>runScenario</b><br>Test class: com.juaracoding.telemarketing.step_definitions.TestRunner<br>Test method: Runs Cucumber Scenarios<br>Parameters: "Distribusi form agent input", "Distribute Data"</td>
<td></td>
<td>2</td>
<td>com.juaracoding.telemarketing.step_definitions.TestRunner@384ad17b</td></tr>
<tr>
<td title='com.juaracoding.telemarketing.step_definitions.TestRunner.runScenario()'><b>runScenario</b><br>Test class: com.juaracoding.telemarketing.step_definitions.TestRunner<br>Test method: Runs Cucumber Scenarios<br>Parameters: "Update data detail", "Edit Data"</td>
<td></td>
<td>1</td>
<td>com.juaracoding.telemarketing.step_definitions.TestRunner@384ad17b</td></tr>
<tr>
<td title='com.juaracoding.telemarketing.step_definitions.TestRunner.runScenario()'><b>runScenario</b><br>Test class: com.juaracoding.telemarketing.step_definitions.TestRunner<br>Test method: Runs Cucumber Scenarios<br>Parameters: "Remove User", "User Management"</td>
<td></td>
<td>2</td>
<td>com.juaracoding.telemarketing.step_definitions.TestRunner@384ad17b</td></tr>
<tr>
<td title='com.juaracoding.telemarketing.step_definitions.TestRunner.runScenario()'><b>runScenario</b><br>Test class: com.juaracoding.telemarketing.step_definitions.TestRunner<br>Test method: Runs Cucumber Scenarios<br>Parameters: "Status Follow Up Null", "Distribute Data"</td>
<td></td>
<td>2</td>
<td>com.juaracoding.telemarketing.step_definitions.TestRunner@384ad17b</td></tr>
<tr>
<td title='com.juaracoding.telemarketing.step_definitions.TestRunner.runScenario()'><b>runScenario</b><br>Test class: com.juaracoding.telemarketing.step_definitions.TestRunner<br>Test method: Runs Cucumber Scenarios<br>Parameters: "Show page agree", "Report Agree"</td>
<td></td>
<td>6</td>
<td>com.juaracoding.telemarketing.step_definitions.TestRunner@384ad17b</td></tr>
<tr>
<td title='com.juaracoding.telemarketing.step_definitions.TestRunner.runScenario()'><b>runScenario</b><br>Test class: com.juaracoding.telemarketing.step_definitions.TestRunner<br>Test method: Runs Cucumber Scenarios<br>Parameters: "Add user supervisior", "User Management"</td>
<td></td>
<td>5</td>
<td>com.juaracoding.telemarketing.step_definitions.TestRunner@384ad17b</td></tr>
</table><p>
</body>
</html>